This is pdfTeX, Version 3.14159265-2.6-1.40.16 (MiKTeX 2.9) (preloaded format=pdflatex 2016.7.11)  24 DEC 2016 18:06
entering extended mode
**./Regelungstechnik.tex
(Regelungstechnik.tex
LaTeX2e <2015/10/01> patch level 2
Babel <3.9n> and hyphenation patterns for 69 languages loaded.

("C:\Users\GianAndrea\AppData\Local\Programs\MiKTeX 2.9\tex\latex\koma-script\s
crartcl.cls"
Document Class: scrartcl 2015/10/03 v3.19a KOMA-Script document class (article)


("C:\Users\GianAndrea\AppData\Local\Programs\MiKTeX 2.9\tex\latex\koma-script\s
crkbase.sty"
Package: scrkbase 2015/10/03 v3.19a KOMA-Script package (KOMA-Script-dependent 
basics and keyval usage)

("C:\Users\GianAndrea\AppData\Local\Programs\MiKTeX 2.9\tex\latex\koma-script\s
crbase.sty"
Package: scrbase 2015/10/03 v3.19a KOMA-Script package (KOMA-Script-independent
 basics and keyval usage)

("C:\Users\GianAndrea\AppData\Local\Programs\MiKTeX 2.9\tex\latex\graphics\keyv
al.sty"
Package: keyval 2014/10/28 v1.15 key=value parser (DPC)
\KV@toks@=\toks14
)
("C:\Users\GianAndrea\AppData\Local\Programs\MiKTeX 2.9\tex\latex\koma-script\s
crlfile.sty"
Package: scrlfile 2015/10/03 v3.19a KOMA-Script package (loading files)

Package scrlfile, 2015/10/03 v3.19a KOMA-Script package (loading files)
                  Copyright (C) Markus Kohm

)))
("C:\Users\GianAndrea\AppData\Local\Programs\MiKTeX 2.9\tex\latex\koma-script\t
ocbasic.sty"
Package: tocbasic 2015/10/03 v3.19a KOMA-Script package (handling toc-files)
)
Package tocbasic Info: omitting babel extension for `toc'
(tocbasic)             because of feature `nobabel' available
(tocbasic)             for `toc' on input line 123.
Package tocbasic Info: omitting babel extension for `lof'
(tocbasic)             because of feature `nobabel' available
(tocbasic)             for `lof' on input line 124.
Package tocbasic Info: omitting babel extension for `lot'
(tocbasic)             because of feature `nobabel' available
(tocbasic)             for `lot' on input line 125.
Package scrartcl Info: You've used standard option `10pt'.
(scrartcl)             This is correct!
(scrartcl)             Internally I'm using `fontsize=10pt'.
(scrartcl)             If you'd like to set the option with \KOMAoptions,
(scrartcl)             you'd have to use `fontsize=10pt' there
(scrartcl)             instead of `10pt', too.
Class scrartcl Info: File `scrsize10pt.clo' used to setup font sizes on input l
ine 2033.

("C:\Users\GianAndrea\AppData\Local\Programs\MiKTeX 2.9\tex\latex\koma-script\s
crsize10pt.clo"
File: scrsize10pt.clo 2015/10/03 v3.19a KOMA-Script font size class option (10p
t)
)
("C:\Users\GianAndrea\AppData\Local\Programs\MiKTeX 2.9\tex\latex\koma-script\t
ypearea.sty"
Package: typearea 2015/10/03 v3.19a KOMA-Script package (type area)

Package typearea, 2015/10/03 v3.19a KOMA-Script package (type area)
                  Copyright (C) Frank Neukam, 1992-1994
                  Copyright (C) Markus Kohm, 1994-

\ta@bcor=\skip41
\ta@div=\count79
Package typearea Info: You've used standard option `a4paper'.
(typearea)             This is correct!
(typearea)             Internally I'm using `paper=a4'.
(typearea)             If you'd like to set the option with \KOMAoptions,
(typearea)             you'd have to use `paper=a4' there
(typearea)             instead of `a4paper', too.
\ta@hblk=\skip42
\ta@vblk=\skip43
\ta@temp=\skip44
\footheight=\skip45
Package typearea Info: These are the values describing the layout:
(typearea)             DIV  = 8
(typearea)             BCOR = 0.0pt
(typearea)             \paperwidth      = 597.50793pt
(typearea)              \textwidth      = 373.44246pt
(typearea)              DIV departure   = -4%
(typearea)              \evensidemargin = 39.76274pt
(typearea)              \oddsidemargin  = 39.76274pt
(typearea)             \paperheight     = 845.04694pt
(typearea)              \textheight     = 538.0pt
(typearea)              \topmargin      = 0.36087pt
(typearea)              \headheight     = 15.0pt
(typearea)              \headsep        = 18.0pt
(typearea)              \topskip        = 10.0pt
(typearea)              \footskip       = 42.0pt
(typearea)              \baselineskip   = 12.0pt
(typearea)              on input line 1509.
)
\c@part=\count80
\c@section=\count81
\c@subsection=\count82
\c@subsubsection=\count83
\c@paragraph=\count84
\c@subparagraph=\count85
LaTeX Info: Redefining \textsubscript on input line 3906.
\abovecaptionskip=\skip46
\belowcaptionskip=\skip47
\c@pti@nb@sid@b@x=\box26
\c@figure=\count86
\c@table=\count87
\bibindent=\dimen102
)
("C:\Users\GianAndrea\AppData\Local\Programs\MiKTeX 2.9\tex\generic\babel\babel
.sty"
Package: babel 2016/01/08 3.9n The Babel package

*************************************
* Local config file bblopts.cfg used
*

("C:\Users\GianAndrea\AppData\Local\Programs\MiKTeX 2.9\tex\latex\00miktex\bblo
pts.cfg"
File: bblopts.cfg 2006/07/31 v1.0 MiKTeX 'babel' configuration
)
("C:\Users\GianAndrea\AppData\Local\Programs\MiKTeX 2.9\tex\latex\babel-english
\english.ldf"
Language: english 2012/08/20 v3.3p English support from the babel system

("C:\Users\GianAndrea\AppData\Local\Programs\MiKTeX 2.9\tex\generic\babel\babel
.def"
File: babel.def 2016/01/08 3.9n Babel common definitions
\babel@savecnt=\count88
\U@D=\dimen103
)
\l@canadian = a dialect from \language\l@american 
\l@australian = a dialect from \language\l@british 
\l@newzealand = a dialect from \language\l@british 
)) (../Headerfiles/Packages.tex
\mylength=\skip48

("C:\Users\GianAndrea\AppData\Local\Programs\MiKTeX 2.9\tex\latex\geometry\geom
etry.sty"
Package: geometry 2010/09/12 v5.6 Page Geometry

("C:\Users\GianAndrea\AppData\Local\Programs\MiKTeX 2.9\tex\generic\oberdiek\if
pdf.sty"
Package: ifpdf 2011/01/30 v2.3 Provides the ifpdf switch (HO)
Package ifpdf Info: pdfTeX in PDF mode is detected.
)
("C:\Users\GianAndrea\AppData\Local\Programs\MiKTeX 2.9\tex\generic\oberdiek\if
vtex.sty"
Package: ifvtex 2010/03/01 v1.5 Detect VTeX and its facilities (HO)
Package ifvtex Info: VTeX not detected.
)
("C:\Users\GianAndrea\AppData\Local\Programs\MiKTeX 2.9\tex\generic\ifxetex\ifx
etex.sty"
Package: ifxetex 2010/09/12 v0.6 Provides ifxetex conditional
)
\Gm@cnth=\count89
\Gm@cntv=\count90
\c@Gm@tempcnt=\count91
\Gm@bindingoffset=\dimen104
\Gm@wd@mp=\dimen105
\Gm@odd@mp=\dimen106
\Gm@even@mp=\dimen107
\Gm@layoutwidth=\dimen108
\Gm@layoutheight=\dimen109
\Gm@layouthoffset=\dimen110
\Gm@layoutvoffset=\dimen111
\Gm@dimlist=\toks15

("C:\Users\GianAndrea\AppData\Local\Programs\MiKTeX 2.9\tex\latex\geometry\geom
etry.cfg"))
("C:\Users\GianAndrea\AppData\Local\Programs\MiKTeX 2.9\tex\latex\base\inputenc
.sty"
Package: inputenc 2015/03/17 v1.2c Input encoding file
\inpenc@prehook=\toks16
\inpenc@posthook=\toks17

("C:\Users\GianAndrea\AppData\Local\Programs\MiKTeX 2.9\tex\latex\base\utf8.def
"
File: utf8.def 2015/09/07 v1.1p UTF-8 support for inputenc
Now handling font encoding OML ...
... no UTF-8 mapping file for font encoding OML
Now handling font encoding T1 ...
... processing UTF-8 mapping file for font encoding T1

("C:\Users\GianAndrea\AppData\Local\Programs\MiKTeX 2.9\tex\latex\base\t1enc.df
u"
File: t1enc.dfu 2015/09/07 v1.1p UTF-8 support for inputenc
   defining Unicode char U+00A0 (decimal 160)
   defining Unicode char U+00A1 (decimal 161)
   defining Unicode char U+00A3 (decimal 163)
   defining Unicode char U+00AB (decimal 171)
   defining Unicode char U+00AD (decimal 173)
   defining Unicode char U+00BB (decimal 187)
   defining Unicode char U+00BF (decimal 191)
   defining Unicode char U+00C0 (decimal 192)
   defining Unicode char U+00C1 (decimal 193)
   defining Unicode char U+00C2 (decimal 194)
   defining Unicode char U+00C3 (decimal 195)
   defining Unicode char U+00C4 (decimal 196)
   defining Unicode char U+00C5 (decimal 197)
   defining Unicode char U+00C6 (decimal 198)
   defining Unicode char U+00C7 (decimal 199)
   defining Unicode char U+00C8 (decimal 200)
   defining Unicode char U+00C9 (decimal 201)
   defining Unicode char U+00CA (decimal 202)
   defining Unicode char U+00CB (decimal 203)
   defining Unicode char U+00CC (decimal 204)
   defining Unicode char U+00CD (decimal 205)
   defining Unicode char U+00CE (decimal 206)
   defining Unicode char U+00CF (decimal 207)
   defining Unicode char U+00D0 (decimal 208)
   defining Unicode char U+00D1 (decimal 209)
   defining Unicode char U+00D2 (decimal 210)
   defining Unicode char U+00D3 (decimal 211)
   defining Unicode char U+00D4 (decimal 212)
   defining Unicode char U+00D5 (decimal 213)
   defining Unicode char U+00D6 (decimal 214)
   defining Unicode char U+00D8 (decimal 216)
   defining Unicode char U+00D9 (decimal 217)
   defining Unicode char U+00DA (decimal 218)
   defining Unicode char U+00DB (decimal 219)
   defining Unicode char U+00DC (decimal 220)
   defining Unicode char U+00DD (decimal 221)
   defining Unicode char U+00DE (decimal 222)
   defining Unicode char U+00DF (decimal 223)
   defining Unicode char U+00E0 (decimal 224)
   defining Unicode char U+00E1 (decimal 225)
   defining Unicode char U+00E2 (decimal 226)
   defining Unicode char U+00E3 (decimal 227)
   defining Unicode char U+00E4 (decimal 228)
   defining Unicode char U+00E5 (decimal 229)
   defining Unicode char U+00E6 (decimal 230)
   defining Unicode char U+00E7 (decimal 231)
   defining Unicode char U+00E8 (decimal 232)
   defining Unicode char U+00E9 (decimal 233)
   defining Unicode char U+00EA (decimal 234)
   defining Unicode char U+00EB (decimal 235)
   defining Unicode char U+00EC (decimal 236)
   defining Unicode char U+00ED (decimal 237)
   defining Unicode char U+00EE (decimal 238)
   defining Unicode char U+00EF (decimal 239)
   defining Unicode char U+00F0 (decimal 240)
   defining Unicode char U+00F1 (decimal 241)
   defining Unicode char U+00F2 (decimal 242)
   defining Unicode char U+00F3 (decimal 243)
   defining Unicode char U+00F4 (decimal 244)
   defining Unicode char U+00F5 (decimal 245)
   defining Unicode char U+00F6 (decimal 246)
   defining Unicode char U+00F8 (decimal 248)
   defining Unicode char U+00F9 (decimal 249)
   defining Unicode char U+00FA (decimal 250)
   defining Unicode char U+00FB (decimal 251)
   defining Unicode char U+00FC (decimal 252)
   defining Unicode char U+00FD (decimal 253)
   defining Unicode char U+00FE (decimal 254)
   defining Unicode char U+00FF (decimal 255)
   defining Unicode char U+0102 (decimal 258)
   defining Unicode char U+0103 (decimal 259)
   defining Unicode char U+0104 (decimal 260)
   defining Unicode char U+0105 (decimal 261)
   defining Unicode char U+0106 (decimal 262)
   defining Unicode char U+0107 (decimal 263)
   defining Unicode char U+010C (decimal 268)
   defining Unicode char U+010D (decimal 269)
   defining Unicode char U+010E (decimal 270)
   defining Unicode char U+010F (decimal 271)
   defining Unicode char U+0110 (decimal 272)
   defining Unicode char U+0111 (decimal 273)
   defining Unicode char U+0118 (decimal 280)
   defining Unicode char U+0119 (decimal 281)
   defining Unicode char U+011A (decimal 282)
   defining Unicode char U+011B (decimal 283)
   defining Unicode char U+011E (decimal 286)
   defining Unicode char U+011F (decimal 287)
   defining Unicode char U+0130 (decimal 304)
   defining Unicode char U+0131 (decimal 305)
   defining Unicode char U+0132 (decimal 306)
   defining Unicode char U+0133 (decimal 307)
   defining Unicode char U+0139 (decimal 313)
   defining Unicode char U+013A (decimal 314)
   defining Unicode char U+013D (decimal 317)
   defining Unicode char U+013E (decimal 318)
   defining Unicode char U+0141 (decimal 321)
   defining Unicode char U+0142 (decimal 322)
   defining Unicode char U+0143 (decimal 323)
   defining Unicode char U+0144 (decimal 324)
   defining Unicode char U+0147 (decimal 327)
   defining Unicode char U+0148 (decimal 328)
   defining Unicode char U+014A (decimal 330)
   defining Unicode char U+014B (decimal 331)
   defining Unicode char U+0150 (decimal 336)
   defining Unicode char U+0151 (decimal 337)
   defining Unicode char U+0152 (decimal 338)
   defining Unicode char U+0153 (decimal 339)
   defining Unicode char U+0154 (decimal 340)
   defining Unicode char U+0155 (decimal 341)
   defining Unicode char U+0158 (decimal 344)
   defining Unicode char U+0159 (decimal 345)
   defining Unicode char U+015A (decimal 346)
   defining Unicode char U+015B (decimal 347)
   defining Unicode char U+015E (decimal 350)
   defining Unicode char U+015F (decimal 351)
   defining Unicode char U+0160 (decimal 352)
   defining Unicode char U+0161 (decimal 353)
   defining Unicode char U+0162 (decimal 354)
   defining Unicode char U+0163 (decimal 355)
   defining Unicode char U+0164 (decimal 356)
   defining Unicode char U+0165 (decimal 357)
   defining Unicode char U+016E (decimal 366)
   defining Unicode char U+016F (decimal 367)
   defining Unicode char U+0170 (decimal 368)
   defining Unicode char U+0171 (decimal 369)
   defining Unicode char U+0174 (decimal 372)
   defining Unicode char U+0175 (decimal 373)
   defining Unicode char U+0176 (decimal 374)
   defining Unicode char U+0177 (decimal 375)
   defining Unicode char U+0178 (decimal 376)
   defining Unicode char U+0179 (decimal 377)
   defining Unicode char U+017A (decimal 378)
   defining Unicode char U+017B (decimal 379)
   defining Unicode char U+017C (decimal 380)
   defining Unicode char U+017D (decimal 381)
   defining Unicode char U+017E (decimal 382)
   defining Unicode char U+0218 (decimal 536)
   defining Unicode char U+0219 (decimal 537)
   defining Unicode char U+021A (decimal 538)
   defining Unicode char U+021B (decimal 539)
   defining Unicode char U+200C (decimal 8204)
   defining Unicode char U+2013 (decimal 8211)
   defining Unicode char U+2014 (decimal 8212)
   defining Unicode char U+2018 (decimal 8216)
   defining Unicode char U+2019 (decimal 8217)
   defining Unicode char U+201A (decimal 8218)
   defining Unicode char U+201C (decimal 8220)
   defining Unicode char U+201D (decimal 8221)
   defining Unicode char U+201E (decimal 8222)
   defining Unicode char U+2030 (decimal 8240)
   defining Unicode char U+2031 (decimal 8241)
   defining Unicode char U+2039 (decimal 8249)
   defining Unicode char U+203A (decimal 8250)
   defining Unicode char U+2423 (decimal 9251)
)
Now handling font encoding OT1 ...
... processing UTF-8 mapping file for font encoding OT1

("C:\Users\GianAndrea\AppData\Local\Programs\MiKTeX 2.9\tex\latex\base\ot1enc.d
fu"
File: ot1enc.dfu 2015/09/07 v1.1p UTF-8 support for inputenc
   defining Unicode char U+00A0 (decimal 160)
   defining Unicode char U+00A1 (decimal 161)
   defining Unicode char U+00A3 (decimal 163)
   defining Unicode char U+00AD (decimal 173)
   defining Unicode char U+00B8 (decimal 184)
   defining Unicode char U+00BF (decimal 191)
   defining Unicode char U+00C5 (decimal 197)
   defining Unicode char U+00C6 (decimal 198)
   defining Unicode char U+00D8 (decimal 216)
   defining Unicode char U+00DF (decimal 223)
   defining Unicode char U+00E6 (decimal 230)
   defining Unicode char U+00EC (decimal 236)
   defining Unicode char U+00ED (decimal 237)
   defining Unicode char U+00EE (decimal 238)
   defining Unicode char U+00EF (decimal 239)
   defining Unicode char U+00F8 (decimal 248)
   defining Unicode char U+0131 (decimal 305)
   defining Unicode char U+0141 (decimal 321)
   defining Unicode char U+0142 (decimal 322)
   defining Unicode char U+0152 (decimal 338)
   defining Unicode char U+0153 (decimal 339)
   defining Unicode char U+0174 (decimal 372)
   defining Unicode char U+0175 (decimal 373)
   defining Unicode char U+0176 (decimal 374)
   defining Unicode char U+0177 (decimal 375)
   defining Unicode char U+0218 (decimal 536)
   defining Unicode char U+0219 (decimal 537)
   defining Unicode char U+021A (decimal 538)
   defining Unicode char U+021B (decimal 539)
   defining Unicode char U+2013 (decimal 8211)
   defining Unicode char U+2014 (decimal 8212)
   defining Unicode char U+2018 (decimal 8216)
   defining Unicode char U+2019 (decimal 8217)
   defining Unicode char U+201C (decimal 8220)
   defining Unicode char U+201D (decimal 8221)
)
Now handling font encoding OMS ...
... processing UTF-8 mapping file for font encoding OMS

("C:\Users\GianAndrea\AppData\Local\Programs\MiKTeX 2.9\tex\latex\base\omsenc.d
fu"
File: omsenc.dfu 2015/09/07 v1.1p UTF-8 support for inputenc
   defining Unicode char U+00A7 (decimal 167)
   defining Unicode char U+00B6 (decimal 182)
   defining Unicode char U+00B7 (decimal 183)
   defining Unicode char U+2020 (decimal 8224)
   defining Unicode char U+2021 (decimal 8225)
   defining Unicode char U+2022 (decimal 8226)
)
Now handling font encoding OMX ...
... no UTF-8 mapping file for font encoding OMX
Now handling font encoding U ...
... no UTF-8 mapping file for font encoding U
   defining Unicode char U+00A9 (decimal 169)
   defining Unicode char U+00AA (decimal 170)
   defining Unicode char U+00AE (decimal 174)
   defining Unicode char U+00BA (decimal 186)
   defining Unicode char U+02C6 (decimal 710)
   defining Unicode char U+02DC (decimal 732)
   defining Unicode char U+200C (decimal 8204)
   defining Unicode char U+2026 (decimal 8230)
   defining Unicode char U+2122 (decimal 8482)
   defining Unicode char U+2423 (decimal 9251)
))
("C:\Users\GianAndrea\AppData\Local\Programs\MiKTeX 2.9\tex\latex\graphics\grap
hicx.sty"
Package: graphicx 2014/10/28 v1.0g Enhanced LaTeX Graphics (DPC,SPQR)

("C:\Users\GianAndrea\AppData\Local\Programs\MiKTeX 2.9\tex\latex\graphics\grap
hics.sty"
Package: graphics 2014/10/28 v1.0p Standard LaTeX Graphics (DPC,SPQR)

("C:\Users\GianAndrea\AppData\Local\Programs\MiKTeX 2.9\tex\latex\graphics\trig
.sty"
Package: trig 1999/03/16 v1.09 sin cos tan (DPC)
)
("C:\Users\GianAndrea\AppData\Local\Programs\MiKTeX 2.9\tex\latex\00miktex\grap
hics.cfg"
File: graphics.cfg 2007/01/18 v1.5 graphics configuration of teTeX/TeXLive
)
Package graphics Info: Driver file: pdftex.def on input line 94.

("C:\Users\GianAndrea\AppData\Local\Programs\MiKTeX 2.9\tex\latex\pdftex-def\pd
ftex.def"
File: pdftex.def 2011/05/27 v0.06d Graphics/color for pdfTeX

("C:\Users\GianAndrea\AppData\Local\Programs\MiKTeX 2.9\tex\generic\oberdiek\in
fwarerr.sty"
Package: infwarerr 2010/04/08 v1.3 Providing info/warning/error messages (HO)
)
("C:\Users\GianAndrea\AppData\Local\Programs\MiKTeX 2.9\tex\generic\oberdiek\lt
xcmds.sty"
Package: ltxcmds 2011/11/09 v1.22 LaTeX kernel commands for general use (HO)
)
\Gread@gobject=\count92
))
\Gin@req@height=\dimen112
\Gin@req@width=\dimen113
)
("C:\Users\GianAndrea\AppData\Local\Programs\MiKTeX 2.9\tex\latex\tabulary\tabu
lary.sty"
Package: tabulary 2014/06/11 v0.10 tabulary package (DPC)

("C:\Users\GianAndrea\AppData\Local\Programs\MiKTeX 2.9\tex\latex\tools\array.s
ty"
Package: array 2014/10/28 v2.4c Tabular extension package (FMi)
\col@sep=\dimen114
\extrarowheight=\dimen115
\NC@list=\toks18
\extratabsurround=\skip49
\backup@length=\skip50
)
\TY@count=\count93
\TY@linewidth=\dimen116
\tymin=\dimen117
\tymax=\dimen118
\TY@tablewidth=\dimen119
)
("C:\Users\GianAndrea\AppData\Local\Programs\MiKTeX 2.9\tex\latex\tools\tabular
x.sty"
Package: tabularx 2014/10/28 v2.10 `tabularx' package (DPC)
\TX@col@width=\dimen120
\TX@old@table=\dimen121
\TX@old@col=\dimen122
\TX@target=\dimen123
\TX@delta=\dimen124
\TX@cols=\count94
\TX@ftn=\toks19
)
("C:\Users\GianAndrea\AppData\Local\Programs\MiKTeX 2.9\tex\latex\tools\multico
l.sty"
Package: multicol 2015/08/19 v1.8n multicolumn formatting (FMi)
\c@tracingmulticols=\count95
\mult@box=\box27
\multicol@leftmargin=\dimen125
\c@unbalance=\count96
\c@collectmore=\count97
\doublecol@number=\count98
\multicoltolerance=\count99
\multicolpretolerance=\count100
\full@width=\dimen126
\page@free=\dimen127
\premulticols=\dimen128
\postmulticols=\dimen129
\multicolsep=\skip51
\multicolbaselineskip=\skip52
\partial@page=\box28
\last@line=\box29
\maxbalancingoverflow=\dimen130
\mult@rightbox=\box30
\mult@grightbox=\box31
\mult@gfirstbox=\box32
\mult@firstbox=\box33
\@tempa=\box34
\@tempa=\box35
\@tempa=\box36
\@tempa=\box37
\@tempa=\box38
\@tempa=\box39
\@tempa=\box40
\@tempa=\box41
\@tempa=\box42
\@tempa=\box43
\@tempa=\box44
\@tempa=\box45
\@tempa=\box46
\@tempa=\box47
\@tempa=\box48
\@tempa=\box49
\@tempa=\box50
\c@columnbadness=\count101
\c@finalcolumnbadness=\count102
\last@try=\dimen131
\multicolovershoot=\dimen132
\multicolundershoot=\dimen133
\mult@nat@firstbox=\box51
\colbreak@box=\box52
\mc@col@check@num=\count103
)
("C:\Users\GianAndrea\AppData\Local\Programs\MiKTeX 2.9\tex\latex\multirow\mult
irow.sty"
\bigstrutjot=\dimen134
)
("C:\Users\GianAndrea\AppData\Local\Programs\MiKTeX 2.9\tex\latex\multirow\bigd
elim.sty")
("C:\Users\GianAndrea\AppData\Local\Programs\MiKTeX 2.9\tex\latex\tools\enumera
te.sty"
Package: enumerate 2015/07/23 v3.00 enumerate extensions (DPC)
\@enLab=\toks20
)
("C:\Users\GianAndrea\AppData\Local\Programs\MiKTeX 2.9\tex\latex\enumitem\enum
item.sty"
Package: enumitem 2011/09/28 v3.5.2 Customized lists
\labelindent=\skip53
\enit@outerparindent=\dimen135
\enit@toks=\toks21
\enit@inbox=\box53
\enitdp@description=\count104
)
("C:\Users\GianAndrea\AppData\Local\Programs\MiKTeX 2.9\tex\latex\amsmath\amsma
th.sty"
Package: amsmath 2013/01/14 v2.14 AMS math features
\@mathmargin=\skip54

For additional information on amsmath, use the `?' option.

("C:\Users\GianAndrea\AppData\Local\Programs\MiKTeX 2.9\tex\latex\amsmath\amste
xt.sty"
Package: amstext 2000/06/29 v2.01

("C:\Users\GianAndrea\AppData\Local\Programs\MiKTeX 2.9\tex\latex\amsmath\amsge
n.sty"
File: amsgen.sty 1999/11/30 v2.0
\@emptytoks=\toks22
\ex@=\dimen136
))
("C:\Users\GianAndrea\AppData\Local\Programs\MiKTeX 2.9\tex\latex\amsmath\amsbs
y.sty"
Package: amsbsy 1999/11/29 v1.2d
\pmbraise@=\dimen137
)
("C:\Users\GianAndrea\AppData\Local\Programs\MiKTeX 2.9\tex\latex\amsmath\amsop
n.sty"
Package: amsopn 1999/12/14 v2.01 operator names
)
\inf@bad=\count105
LaTeX Info: Redefining \frac on input line 210.
\uproot@=\count106
\leftroot@=\count107
LaTeX Info: Redefining \overline on input line 306.
\classnum@=\count108
\DOTSCASE@=\count109
LaTeX Info: Redefining \ldots on input line 378.
LaTeX Info: Redefining \dots on input line 381.
LaTeX Info: Redefining \cdots on input line 466.
\Mathstrutbox@=\box54
\strutbox@=\box55
\big@size=\dimen138
LaTeX Font Info:    Redeclaring font encoding OML on input line 566.
LaTeX Font Info:    Redeclaring font encoding OMS on input line 567.
\macc@depth=\count110
\c@MaxMatrixCols=\count111
\dotsspace@=\muskip10
\c@parentequation=\count112
\dspbrk@lvl=\count113
\tag@help=\toks23
\row@=\count114
\column@=\count115
\maxfields@=\count116
\andhelp@=\toks24
\eqnshift@=\dimen139
\alignsep@=\dimen140
\tagshift@=\dimen141
\tagwidth@=\dimen142
\totwidth@=\dimen143
\lineht@=\dimen144
\@envbody=\toks25
\multlinegap=\skip55
\multlinetaggap=\skip56
\mathdisplay@stack=\toks26
LaTeX Info: Redefining \[ on input line 2665.
LaTeX Info: Redefining \] on input line 2666.
)
("C:\Users\GianAndrea\AppData\Local\Programs\MiKTeX 2.9\tex\latex\amsfonts\amss
ymb.sty"
Package: amssymb 2013/01/14 v3.01 AMS font symbols

("C:\Users\GianAndrea\AppData\Local\Programs\MiKTeX 2.9\tex\latex\amsfonts\amsf
onts.sty"
Package: amsfonts 2013/01/14 v3.01 Basic AMSFonts support
\symAMSa=\mathgroup4
\symAMSb=\mathgroup5
LaTeX Font Info:    Overwriting math alphabet `\mathfrak' in version `bold'
(Font)                  U/euf/m/n --> U/euf/b/n on input line 106.
))
("C:\Users\GianAndrea\AppData\Local\Programs\MiKTeX 2.9\tex\latex\siunitx\siuni
tx.sty"
("C:\Users\GianAndrea\AppData\Local\Programs\MiKTeX 2.9\tex\latex\l3kernel\expl
3.sty"
Package: expl3 2016/01/19 v6377 L3 programming layer (loader) 

("C:\Users\GianAndrea\AppData\Local\Programs\MiKTeX 2.9\tex\latex\l3kernel\expl
3-code.tex"
Package: expl3 2016/01/19 v6377 L3 programming layer (code)
L3 Module: l3bootstrap 2016/01/01 v6339 L3 Bootstrap code
L3 Module: l3names 2015/12/21 v6328 L3 Namespace for primitives
L3 Module: l3basics 2015/11/22 v6315 L3 Basic definitions
L3 Module: l3expan 2015/09/10 v5983 L3 Argument expansion
L3 Module: l3tl 2015/09/29 v6121 L3 Token lists
L3 Module: l3str 2016/01/03 v6357 L3 Strings
L3 Module: l3seq 2015/08/05 v5777 L3 Sequences and stacks
L3 Module: l3int 2016/01/05 v6366 L3 Integers
\c_max_int=\count117
\l_tmpa_int=\count118
\l_tmpb_int=\count119
\g_tmpa_int=\count120
\g_tmpb_int=\count121
L3 Module: l3quark 2015/08/17 v5855 L3 Quarks
L3 Module: l3prg 2015/11/01 v6216 L3 Control structures
\g__prg_map_int=\count122
L3 Module: l3clist 2015/09/02 v5901 L3 Comma separated lists
L3 Module: l3token 2015/11/11 v6249 L3 Experimental token manipulation
L3 Module: l3prop 2016/01/05 v6366 L3 Property lists
L3 Module: l3msg 2015/09/28 v6113 L3 Messages
L3 Module: l3file 2015/12/03 v6317 L3 File and I/O operations
\l_iow_line_count_int=\count123
\l__iow_target_count_int=\count124
\l__iow_current_line_int=\count125
\l__iow_current_word_int=\count126
\l__iow_current_indentation_int=\count127
L3 Module: l3skip 2016/01/05 v6366 L3 Dimensions and skips
\c_zero_dim=\dimen145
\c_max_dim=\dimen146
\l_tmpa_dim=\dimen147
\l_tmpb_dim=\dimen148
\g_tmpa_dim=\dimen149
\g_tmpb_dim=\dimen150
\c_zero_skip=\skip57
\c_max_skip=\skip58
\l_tmpa_skip=\skip59
\l_tmpb_skip=\skip60
\g_tmpa_skip=\skip61
\g_tmpb_skip=\skip62
\c_zero_muskip=\muskip11
\c_max_muskip=\muskip12
\l_tmpa_muskip=\muskip13
\l_tmpb_muskip=\muskip14
\g_tmpa_muskip=\muskip15
\g_tmpb_muskip=\muskip16
L3 Module: l3keys 2015/11/17 v6284 L3 Key-value interfaces
\g__keyval_level_int=\count128
\l_keys_choice_int=\count129
L3 Module: l3fp 2015/08/25 v5890 L3 Floating points
\c__fp_leading_shift_int=\count130
\c__fp_middle_shift_int=\count131
\c__fp_trailing_shift_int=\count132
\c__fp_big_leading_shift_int=\count133
\c__fp_big_middle_shift_int=\count134
\c__fp_big_trailing_shift_int=\count135
\c__fp_Bigg_leading_shift_int=\count136
\c__fp_Bigg_middle_shift_int=\count137
\c__fp_Bigg_trailing_shift_int=\count138
L3 Module: l3box 2015/08/09 v5822 L3 Experimental boxes
\c_empty_box=\box56
\l_tmpa_box=\box57
\l_tmpb_box=\box58
\g_tmpa_box=\box59
\g_tmpb_box=\box60
L3 Module: l3coffins 2015/08/06 v5789 L3 Coffin code layer
\l__coffin_internal_box=\box61
\l__coffin_internal_dim=\dimen151
\l__coffin_offset_x_dim=\dimen152
\l__coffin_offset_y_dim=\dimen153
\l__coffin_x_dim=\dimen154
\l__coffin_y_dim=\dimen155
\l__coffin_x_prime_dim=\dimen156
\l__coffin_y_prime_dim=\dimen157
\c_empty_coffin=\box62
\l__coffin_aligned_coffin=\box63
\l__coffin_aligned_internal_coffin=\box64
\l_tmpa_coffin=\box65
\l_tmpb_coffin=\box66
\l__coffin_display_coffin=\box67
\l__coffin_display_coord_coffin=\box68
\l__coffin_display_pole_coffin=\box69
\l__coffin_display_offset_dim=\dimen158
\l__coffin_display_x_dim=\dimen159
\l__coffin_display_y_dim=\dimen160
L3 Module: l3color 2014/08/23 v5354 L3 Experimental color support
L3 Module: l3sys 2015/09/25 v6087 L3 Experimental system/runtime functions
L3 Module: l3candidates 2016/01/14 v6376 L3 Experimental additions to l3kernel
\l__box_top_dim=\dimen161
\l__box_bottom_dim=\dimen162
\l__box_left_dim=\dimen163
\l__box_right_dim=\dimen164
\l__box_top_new_dim=\dimen165
\l__box_bottom_new_dim=\dimen166
\l__box_left_new_dim=\dimen167
\l__box_right_new_dim=\dimen168
\l__box_internal_box=\box70
\l__coffin_bounding_shift_dim=\dimen169
\l__coffin_left_corner_dim=\dimen170
\l__coffin_right_corner_dim=\dimen171
\l__coffin_bottom_corner_dim=\dimen172
\l__coffin_top_corner_dim=\dimen173
\l__coffin_scaled_total_height_dim=\dimen174
\l__coffin_scaled_width_dim=\dimen175
L3 Module: l3luatex 2015/11/11 v6250 L3 Experimental LuaTeX-specific functions
)
("C:\Users\GianAndrea\AppData\Local\Programs\MiKTeX 2.9\tex\latex\l3kernel\l3pd
fmode.def"
File: l3pdfmode.def 2015/11/11 v6250 L3 Experimental driver: PDF mode
\l__driver_color_stack_int=\count139
))
("C:\Users\GianAndrea\AppData\Local\Programs\MiKTeX 2.9\tex\latex\l3packages\xp
arse\xparse.sty"
Package: xparse 2016/01/19 v6377 L3 Experimental document command parser
\l__xparse_current_arg_int=\count140
\l__xparse_m_args_int=\count141
\l__xparse_mandatory_args_int=\count142
\l__xparse_processor_int=\count143
\l__xparse_v_nesting_int=\count144
)
Package: siunitx 2016/03/01 v2.6q A comprehensive (SI) units package

("C:\Users\GianAndrea\AppData\Local\Programs\MiKTeX 2.9\tex\latex\l3packages\l3
keys2e\l3keys2e.sty"
Package: l3keys2e 2016/01/19 v6377 LaTeX2e option processing using LaTeX3 keys
)
\l__siunitx_tmp_box=\box71
\l__siunitx_tmp_dim=\dimen176
\l__siunitx_tmp_int=\count145
\l__siunitx_number_mantissa_length_int=\count146
\l__siunitx_number_uncert_length_int=\count147
\l__siunitx_round_int=\count148
\l__siunitx_process_decimal_int=\count149
\l__siunitx_process_uncertainty_int=\count150
\l__siunitx_process_fixed_int=\count151
\l__siunitx_process_integer_min_int=\count152
\l__siunitx_process_precision_int=\count153
\l__siunitx_group_min_int=\count154
\l__siunitx_angle_marker_box=\box72
\l__siunitx_angle_unit_box=\box73
\l__siunitx_angle_marker_dim=\dimen177
\l__siunitx_angle_unit_dim=\dimen178
\l__siunitx_unit_int=\count155
\l__siunitx_unit_denominator_int=\count156
\l__siunitx_unit_numerator_int=\count157
\l__siunitx_unit_prefix_int=\count158
\l__siunitx_unit_prefix_base_int=\count159
\l__siunitx_unit_prefix_gram_int=\count160
\l__siunitx_number_product_int=\count161
\c__siunitx_one_fill_skip=\skip63
\l__siunitx_table_unit_align_skip=\skip64
\l__siunitx_table_exponent_dim=\dimen179
\l__siunitx_table_integer_dim=\dimen180
\l__siunitx_table_mantissa_dim=\dimen181
\l__siunitx_table_marker_dim=\dimen182
\l__siunitx_table_result_dim=\dimen183
\l__siunitx_table_uncert_dim=\dimen184
\l__siunitx_table_fill_pre_dim=\dimen185
\l__siunitx_table_fill_post_dim=\dimen186
\l__siunitx_table_fill_mid_dim=\dimen187
\l__siunitx_table_pre_box=\box74
\l__siunitx_table_post_box=\box75
\l__siunitx_table_mantissa_box=\box76
\l__siunitx_table_result_box=\box77
\l__siunitx_table_number_align_skip=\skip65
\l__siunitx_table_text_align_skip=\skip66
.................................................
. LaTeX info: "xparse/define-command"
. 
. Defining command \DeclareBinaryPrefix with sig. 'mmm' on line 7218.
.................................................
.................................................
. LaTeX info: "xparse/define-command"
. 
. Defining command \DeclareSIPostPower with sig. 'mm' on line 7221.
.................................................
.................................................
. LaTeX info: "xparse/define-command"
. 
. Defining command \DeclareSIPrefix with sig. 'mmm' on line 7224.
.................................................
.................................................
. LaTeX info: "xparse/define-command"
. 
. Defining command \DeclareSIPrePower with sig. 'mm' on line 7227.
.................................................
.................................................
. LaTeX info: "xparse/define-command"
. 
. Defining command \DeclareSIQualifier with sig. 'mm' on line 7230.
.................................................
.................................................
. LaTeX info: "xparse/define-command"
. 
. Defining command \DeclareSIUnit with sig. 'O{}mm' on line 7233.
.................................................
.................................................
. LaTeX info: "xparse/define-command"
. 
. Defining command \DeclareSIUnitWithOptions with sig. 'mmm' on line 7236.
.................................................
.................................................
. LaTeX info: "xparse/define-command"
. 
. Defining command \ang with sig. 'o>{\SplitArgument {2}{;}}m' on line 7251.
.................................................
.................................................
. LaTeX info: "xparse/define-command"
. 
. Defining command \num with sig. 'om' on line 7260.
.................................................
.................................................
. LaTeX info: "xparse/define-command"
. 
. Defining command \numlist with sig. 'o>{\SplitList {;}}m' on line 7269.
.................................................
.................................................
. LaTeX info: "xparse/define-command"
. 
. Defining command \numrange with sig. 'omm' on line 7278.
.................................................
.................................................
. LaTeX info: "xparse/define-command"
. 
. Defining command \SIlist with sig. 'o>{\SplitList {;}}mm' on line 7290.
.................................................
.................................................
. LaTeX info: "xparse/define-command"
. 
. Defining command \SIrange with sig. 'ommm' on line 7302.
.................................................
.................................................
. LaTeX info: "xparse/define-command"
. 
. Defining command \SI with sig. 'omom' on line 7314.
.................................................
.................................................
. LaTeX info: "xparse/define-command"
. 
. Defining command \sisetup with sig. 'm' on line 7317.
.................................................
.................................................
. LaTeX info: "xparse/define-command"
. 
. Defining command \tablenum with sig. 'om' on line 7332.
.................................................
.................................................
. LaTeX info: "xparse/define-command"
. 
. Defining command \si with sig. 'om' on line 7344.
.................................................
.................................................
. LaTeX info: "xparse/define-command"
. 
. Defining command \__siunitx_bookmark_num:w with sig. 'om' on line 7391.
.................................................
.................................................
. LaTeX info: "xparse/define-command"
. 
. Defining command \__siunitx_bookmark_numrange:w with sig. 'omm' on line
. 7393.
.................................................
.................................................
. LaTeX info: "xparse/define-command"
. 
. Defining command \__siunitx_bookmark_SI:w with sig. 'omom' on line 7395.
.................................................
.................................................
. LaTeX info: "xparse/define-command"
. 
. Defining command \__siunitx_bookmark_SIlist:w with sig. 'omm' on line 7397.
.................................................
.................................................
. LaTeX info: "xparse/define-command"
. 
. Defining command \__siunitx_bookmark_SIrange:w with sig. 'ommm' on line
. 7399.
.................................................
.................................................
. LaTeX info: "xparse/define-command"
. 
. Defining command \__siunitx_bookmark_si:w with sig. 'om' on line 7400.
.................................................
\g__file_internal_ior=\read1

("C:\Users\GianAndrea\AppData\Local\Programs\MiKTeX 2.9\tex\latex\beamer\base\t
ranslator\translator.sty"
Package: translator 2010/06/12 ver 1.10

("C:\Users\GianAndrea\AppData\Local\Programs\MiKTeX 2.9\tex\latex\beamer\base\t
ranslator\translator-language-mappings.tex")))
("C:\Users\GianAndrea\AppData\Local\Programs\MiKTeX 2.9\tex\latex\jknappen\math
rsfs.sty"
Package: mathrsfs 1996/01/01 Math RSFS package v1.0 (jk)
\symrsfs=\mathgroup6
)
("C:\Users\GianAndrea\AppData\Local\Programs\MiKTeX 2.9\tex\latex\mathtools\mat
htools.sty"
Package: mathtools 2015/11/12 v1.18 mathematical typesetting tools

("C:\Users\GianAndrea\AppData\Local\Programs\MiKTeX 2.9\tex\latex\tools\calc.st
y"
Package: calc 2014/10/28 v4.3 Infix arithmetic (KKT,FJ)
\calc@Acount=\count162
\calc@Bcount=\count163
\calc@Adimen=\dimen188
\calc@Bdimen=\dimen189
\calc@Askip=\skip67
\calc@Bskip=\skip68
LaTeX Info: Redefining \setlength on input line 80.
LaTeX Info: Redefining \addtolength on input line 81.
\calc@Ccount=\count164
\calc@Cskip=\skip69
)
("C:\Users\GianAndrea\AppData\Local\Programs\MiKTeX 2.9\tex\latex\mathtools\mhs
etup.sty"
Package: mhsetup 2010/01/21 v1.2a programming setup (MH)
)
LaTeX Info: Thecontrolsequence`\('isalreadyrobust on input line 129.
LaTeX Info: Thecontrolsequence`\)'isalreadyrobust on input line 129.
LaTeX Info: Thecontrolsequence`\['isalreadyrobust on input line 129.
LaTeX Info: Thecontrolsequence`\]'isalreadyrobust on input line 129.
\g_MT_multlinerow_int=\count165
\l_MT_multwidth_dim=\dimen190
\origjot=\skip70
\l_MT_shortvdotswithinadjustabove_dim=\dimen191
\l_MT_shortvdotswithinadjustbelow_dim=\dimen192
\l_MT_above_intertext_sep=\dimen193
\l_MT_below_intertext_sep=\dimen194
\l_MT_above_shortintertext_sep=\dimen195
\l_MT_below_shortintertext_sep=\dimen196
)
("C:\Users\GianAndrea\AppData\Local\Programs\MiKTeX 2.9\tex\latex\esint\esint.s
ty"
Package: esint 
\symlargesymbolsA=\mathgroup7
)
("C:\Users\GianAndrea\AppData\Local\Programs\MiKTeX 2.9\tex\latex\xcolor\xcolor
.sty"
Package: xcolor 2016/05/11 v2.12 LaTeX color extensions (UK)

("C:\Users\GianAndrea\AppData\Local\Programs\MiKTeX 2.9\tex\latex\00miktex\colo
r.cfg"
File: color.cfg 2007/01/18 v1.5 color configuration of teTeX/TeXLive
)
Package xcolor Info: Driver file: pdftex.def on input line 225.
Package xcolor Info: Model `cmy' substituted by `cmy0' on input line 1348.
Package xcolor Info: Model `hsb' substituted by `rgb' on input line 1352.
Package xcolor Info: Model `RGB' extended on input line 1364.
Package xcolor Info: Model `HTML' substituted by `rgb' on input line 1366.
Package xcolor Info: Model `Hsb' substituted by `hsb' on input line 1367.
Package xcolor Info: Model `tHsb' substituted by `hsb' on input line 1368.
Package xcolor Info: Model `HSB' substituted by `hsb' on input line 1369.
Package xcolor Info: Model `Gray' substituted by `gray' on input line 1370.
Package xcolor Info: Model `wave' substituted by `hsb' on input line 1371.

("C:\Users\GianAndrea\AppData\Local\Programs\MiKTeX 2.9\tex\latex\xcolor\x11nam
.def"
File: x11nam.def 2016/05/11 v2.12 Predefined colors according to Unix/X11 (UK)
))
("C:\Users\GianAndrea\AppData\Local\Programs\MiKTeX 2.9\tex\generic\oberdiek\so
ulutf8.sty"
Package: soulutf8 2007/09/09 v1.0 Permit use of UTF-8 characters in soul (HO)

("C:\Users\GianAndrea\AppData\Local\Programs\MiKTeX 2.9\tex\latex\soul\soul.sty
"
Package: soul 2003/11/17 v2.4 letterspacing/underlining (mf)
\SOUL@word=\toks27
\SOUL@lasttoken=\toks28
\SOUL@cmds=\toks29
\SOUL@buffer=\toks30
\SOUL@token=\toks31
\SOUL@spaceskip=\skip71
\SOUL@ttwidth=\dimen197
\SOUL@uldp=\dimen198
\SOUL@ulht=\dimen199
)
("C:\Users\GianAndrea\AppData\Local\Programs\MiKTeX 2.9\tex\generic\oberdiek\et
excmds.sty"
Package: etexcmds 2011/02/16 v1.5 Avoid name clashes with e-TeX commands (HO)

("C:\Users\GianAndrea\AppData\Local\Programs\MiKTeX 2.9\tex\generic\oberdiek\if
luatex.sty"
Package: ifluatex 2010/03/01 v1.3 Provides the ifluatex switch (HO)
Package ifluatex Info: LuaTeX not detected.
)
Package etexcmds Info: Could not find \expanded.
(etexcmds)             That can mean that you are not using pdfTeX 1.50 or
(etexcmds)             that some package has redefined \expanded.
(etexcmds)             In the latter case, load this package earlier.
))
("C:\Users\GianAndrea\AppData\Local\Programs\MiKTeX 2.9\tex\latex\rotating\rota
ting.sty"
Package: rotating 2009/03/28 v2.16a rotated objects in LaTeX

("C:\Users\GianAndrea\AppData\Local\Programs\MiKTeX 2.9\tex\latex\base\ifthen.s
ty"
Package: ifthen 2014/09/29 v1.1c Standard LaTeX ifthen package (DPC)
)
\c@r@tfl@t=\count166
\rotFPtop=\skip72
\rotFPbot=\skip73
\rot@float@box=\box78
\rot@mess@toks=\toks32
)
("C:\Users\GianAndrea\AppData\Local\Programs\MiKTeX 2.9\tex\latex\algorithms\al
gorithm.sty"
Package: algorithm 2009/08/24 v0.1 Document Style `algorithm' - floating enviro
nment

("C:\Users\GianAndrea\AppData\Local\Programs\MiKTeX 2.9\tex\latex\float\float.s
ty"
Package: float 2001/11/08 v1.3d Float enhancements (AL)
\c@float@type=\count167
\float@exts=\toks33
\float@box=\box79
\@float@everytoks=\toks34
\@floatcapt=\box80
)
\@float@every@algorithm=\toks35
\c@algorithm=\count168
)
("C:\Users\GianAndrea\AppData\Local\Programs\MiKTeX 2.9\tex\latex\algorithmicx\
algpseudocode.sty"
Package: algpseudocode 

("C:\Users\GianAndrea\AppData\Local\Programs\MiKTeX 2.9\tex\latex\algorithmicx\
algorithmicx.sty"
Package: algorithmicx 2005/04/27 v1.2 Algorithmicx

Document Style algorithmicx 1.2 - a greatly improved `algorithmic' style
\c@ALG@line=\count169
\c@ALG@rem=\count170
\c@ALG@nested=\count171
\ALG@tlm=\skip74
\ALG@thistlm=\skip75
\c@ALG@Lnr=\count172
\c@ALG@blocknr=\count173
\c@ALG@storecount=\count174
\c@ALG@tmpcounter=\count175
\ALG@tmplength=\skip76
)
Document Style - pseudocode environments for use with the `algorithmicx' style
)
("C:\Users\GianAndrea\AppData\Local\Programs\MiKTeX 2.9\tex\latex\oberdiek\list
ingsutf8.sty"
Package: listingsutf8 2011/11/10 v1.2 Allow UTF-8 in listings input (HO)

("C:\Users\GianAndrea\AppData\Local\Programs\MiKTeX 2.9\tex\latex\listings\list
ings.sty"
\lst@mode=\count176
\lst@gtempboxa=\box81
\lst@token=\toks36
\lst@length=\count177
\lst@currlwidth=\dimen256
\lst@column=\count178
\lst@pos=\count179
\lst@lostspace=\dimen257
\lst@width=\dimen258
\lst@newlines=\count180
\lst@lineno=\count181
\lst@maxwidth=\dimen259

("C:\Users\GianAndrea\AppData\Local\Programs\MiKTeX 2.9\tex\latex\listings\lstm
isc.sty"
File: lstmisc.sty 2015/06/04 1.6 (Carsten Heinz)
\c@lstnumber=\count182
\lst@skipnumbers=\count183
\lst@framebox=\box82
)
("C:\Users\GianAndrea\AppData\Local\Programs\MiKTeX 2.9\tex\latex\listings\list
ings.cfg"
File: listings.cfg 2015/06/04 1.6 listings configuration
))
Package: listings 2015/06/04 1.6 (Carsten Heinz)

("C:\Users\GianAndrea\AppData\Local\Programs\MiKTeX 2.9\tex\generic\oberdiek\pd
ftexcmds.sty"
Package: pdftexcmds 2011/11/29 v0.20 Utility functions of pdfTeX for LuaTeX (HO
)
Package pdftexcmds Info: LuaTeX not detected.
Package pdftexcmds Info: \pdf@primitive is available.
Package pdftexcmds Info: \pdf@ifprimitive is available.
Package pdftexcmds Info: \pdfdraftmode found.
)
("C:\Users\GianAndrea\AppData\Local\Programs\MiKTeX 2.9\tex\generic\oberdiek\st
ringenc.sty"
Package: stringenc 2011/12/02 v1.10 Convert strings between diff. encodings (HO
)

("C:\Users\GianAndrea\AppData\Local\Programs\MiKTeX 2.9\tex\generic\oberdiek\pd
fescape.sty"
Package: pdfescape 2011/11/25 v1.13 Implements pdfTeX's escape features (HO)
))))
("C:\Users\GianAndrea\AppData\Local\Programs\MiKTeX 2.9\tex\latex\hyperref\hype
rref.sty"
Package: hyperref 2012/11/06 v6.83m Hypertext links for LaTeX

("C:\Users\GianAndrea\AppData\Local\Programs\MiKTeX 2.9\tex\generic\oberdiek\ho
bsub-hyperref.sty"
Package: hobsub-hyperref 2012/04/25 v1.12 Bundle oberdiek, subset hyperref (HO)


("C:\Users\GianAndrea\AppData\Local\Programs\MiKTeX 2.9\tex\generic\oberdiek\ho
bsub-generic.sty"
Package: hobsub-generic 2012/04/25 v1.12 Bundle oberdiek, subset generic (HO)
Package: hobsub 2012/04/25 v1.12 Construct package bundles (HO)
Package hobsub Info: Skipping package `infwarerr' (already loaded).
Package hobsub Info: Skipping package `ltxcmds' (already loaded).
Package hobsub Info: Skipping package `ifluatex' (already loaded).
Package hobsub Info: Skipping package `ifvtex' (already loaded).
Package: intcalc 2007/09/27 v1.1 Expandable calculations with integers (HO)
Package hobsub Info: Skipping package `ifpdf' (already loaded).
Package hobsub Info: Skipping package `etexcmds' (already loaded).
Package: kvsetkeys 2012/04/25 v1.16 Key value parser (HO)
Package: kvdefinekeys 2011/04/07 v1.3 Define keys (HO)
Package hobsub Info: Skipping package `pdftexcmds' (already loaded).
Package hobsub Info: Skipping package `pdfescape' (already loaded).
Package: bigintcalc 2012/04/08 v1.3 Expandable calculations on big integers (HO
)
Package: bitset 2011/01/30 v1.1 Handle bit-vector datatype (HO)
Package: uniquecounter 2011/01/30 v1.2 Provide unlimited unique counter (HO)
)
Package hobsub Info: Skipping package `hobsub' (already loaded).
Package: letltxmacro 2010/09/02 v1.4 Let assignment for LaTeX macros (HO)
Package: hopatch 2011/06/24 v1.1 Wrapper for package hooks (HO)
Package: xcolor-patch 2011/01/30 xcolor patch
Package: atveryend 2011/06/30 v1.8 Hooks at the very end of document (HO)
Package atveryend Info: \enddocument detected (standard20110627).
Package: atbegshi 2011/10/05 v1.16 At begin shipout hook (HO)
Package: refcount 2011/10/16 v3.4 Data extraction from label references (HO)
Package: hycolor 2011/01/30 v1.7 Color options for hyperref/bookmark (HO)
)
("C:\Users\GianAndrea\AppData\Local\Programs\MiKTeX 2.9\tex\latex\oberdiek\auxh
ook.sty"
Package: auxhook 2011/03/04 v1.3 Hooks for auxiliary files (HO)
)
("C:\Users\GianAndrea\AppData\Local\Programs\MiKTeX 2.9\tex\latex\oberdiek\kvop
tions.sty"
Package: kvoptions 2011/06/30 v3.11 Key value format for package options (HO)
)
\@linkdim=\dimen260
\Hy@linkcounter=\count184
\Hy@pagecounter=\count185

("C:\Users\GianAndrea\AppData\Local\Programs\MiKTeX 2.9\tex\latex\hyperref\pd1e
nc.def"
File: pd1enc.def 2012/11/06 v6.83m Hyperref: PDFDocEncoding definition (HO)
Now handling font encoding PD1 ...
... no UTF-8 mapping file for font encoding PD1
)
\Hy@SavedSpaceFactor=\count186

("C:\Users\GianAndrea\AppData\Local\Programs\MiKTeX 2.9\tex\latex\00miktex\hype
rref.cfg"
File: hyperref.cfg 2002/06/06 v1.2 hyperref configuration of TeXLive
)
Package hyperref Info: Hyper figures OFF on input line 4443.
Package hyperref Info: Link nesting OFF on input line 4448.
Package hyperref Info: Hyper index ON on input line 4451.
Package hyperref Info: Plain pages OFF on input line 4458.
Package hyperref Info: Backreferencing OFF on input line 4463.
Package hyperref Info: Implicit mode ON; LaTeX internals redefined.
Package hyperref Info: Bookmarks ON on input line 4688.
\c@Hy@tempcnt=\count187

("C:\Users\GianAndrea\AppData\Local\Programs\MiKTeX 2.9\tex\latex\url\url.sty"
\Urlmuskip=\muskip17
Package: url 2013/09/16  ver 3.4  Verb mode for urls, etc.
)
LaTeX Info: Redefining \url on input line 5041.
\XeTeXLinkMargin=\dimen261
\Fld@menulength=\count188
\Field@Width=\dimen262
\Fld@charsize=\dimen263
Package hyperref Info: Hyper figures OFF on input line 6295.
Package hyperref Info: Link nesting OFF on input line 6300.
Package hyperref Info: Hyper index ON on input line 6303.
Package hyperref Info: backreferencing OFF on input line 6310.
Package hyperref Info: Link coloring OFF on input line 6315.
Package hyperref Info: Link coloring with OCG OFF on input line 6320.
Package hyperref Info: PDF/A mode OFF on input line 6325.
LaTeX Info: Redefining \ref on input line 6365.
LaTeX Info: Redefining \pageref on input line 6369.
\Hy@abspage=\count189
\c@Item=\count190
\c@Hfootnote=\count191
)

Package hyperref Message: Driver (autodetected): hpdftex.


("C:\Users\GianAndrea\AppData\Local\Programs\MiKTeX 2.9\tex\latex\hyperref\hpdf
tex.def"
File: hpdftex.def 2012/11/06 v6.83m Hyperref driver for pdfTeX
\Fld@listcount=\count192
\c@bookmark@seq@number=\count193

("C:\Users\GianAndrea\AppData\Local\Programs\MiKTeX 2.9\tex\latex\oberdiek\reru
nfilecheck.sty"
Package: rerunfilecheck 2011/04/15 v1.7 Rerun checks for auxiliary files (HO)
Package uniquecounter Info: New unique counter `rerunfilecheck' on input line 2
82.
)
\Hy@SectionHShift=\skip77
) (../Headerfiles/Titles.tex) (../Headerfiles/Commands.tex)
(../Headerfiles/Mathcolumns.tex)
("C:\Users\GianAndrea\Documents\Vorlesungsmaterial\LaTex\Alle ZFG\3. und 4. Sem
ester\Regelungstechnik II\build\Regelungstechnik.aux")
\openout1 = `Regelungstechnik.aux'.

LaTeX Font Info:    Checking defaults for OML/cmm/m/it on input line 25.
LaTeX Font Info:    ... okay on input line 25.
LaTeX Font Info:    Checking defaults for T1/cmr/m/n on input line 25.
LaTeX Font Info:    ... okay on input line 25.
LaTeX Font Info:    Checking defaults for OT1/cmr/m/n on input line 25.
LaTeX Font Info:    ... okay on input line 25.
LaTeX Font Info:    Checking defaults for OMS/cmsy/m/n on input line 25.
LaTeX Font Info:    ... okay on input line 25.
LaTeX Font Info:    Checking defaults for OMX/cmex/m/n on input line 25.
LaTeX Font Info:    ... okay on input line 25.
LaTeX Font Info:    Checking defaults for U/cmr/m/n on input line 25.
LaTeX Font Info:    ... okay on input line 25.
LaTeX Font Info:    Checking defaults for PD1/pdf/m/n on input line 25.
LaTeX Font Info:    ... okay on input line 25.

*geometry* driver: auto-detecting
*geometry* detected driver: pdftex
*geometry* verbose mode - [ preamble ] result:
* driver: pdftex
* paper: a4paper
* layout: <same size as paper>
* layoutoffset:(h,v)=(0.0pt,0.0pt)
* modes: landscape includefoot 
* h-part:(L,W,R)=(17.07182pt, 810.9032pt, 17.07182pt)
* v-part:(T,H,B)=(17.07182pt, 563.36423pt, 17.07182pt)
* \paperwidth=845.04684pt
* \paperheight=597.50787pt
* \textwidth=810.9032pt
* \textheight=546.2924pt
* \oddsidemargin=-55.19817pt
* \evensidemargin=-55.19817pt
* \topmargin=-88.19817pt
* \headheight=15.0pt
* \headsep=18.0pt
* \topskip=10.0pt
* \footskip=17.07182pt
* \marginparwidth=74.68849pt
* \marginparsep=12.8401pt
* \columnsep=10.0pt
* \skip\footins=9.0pt plus 4.0pt minus 2.0pt
* \hoffset=0.0pt
* \voffset=0.0pt
* \mag=1000
* \@twocolumnfalse
* \@twosidefalse
* \@mparswitchfalse
* \@reversemarginfalse
* (1in=72.27pt=25.4mm, 1cm=28.453pt)


("C:\Users\GianAndrea\AppData\Local\Programs\MiKTeX 2.9\tex\context\base\supp-p
df.mkii"
[Loading MPS to PDF converter (version 2006.09.02).]
\scratchcounter=\count194
\scratchdimen=\dimen264
\scratchbox=\box83
\nofMPsegments=\count195
\nofMParguments=\count196
\everyMPshowfont=\toks37
\MPscratchCnt=\count197
\MPscratchDim=\dimen265
\MPnumerator=\count198
\makeMPintoPDFobject=\count199
\everyMPtoPDFconversion=\toks38
)
Now handling font encoding TS1 ...
... processing UTF-8 mapping file for font encoding TS1

("C:\Users\GianAndrea\AppData\Local\Programs\MiKTeX 2.9\tex\latex\base\ts1enc.d
fu"
File: ts1enc.dfu 2015/09/07 v1.1p UTF-8 support for inputenc
   defining Unicode char U+00A2 (decimal 162)
   defining Unicode char U+00A3 (decimal 163)
   defining Unicode char U+00A4 (decimal 164)
   defining Unicode char U+00A5 (decimal 165)
   defining Unicode char U+00A6 (decimal 166)
   defining Unicode char U+00A7 (decimal 167)
   defining Unicode char U+00A8 (decimal 168)
   defining Unicode char U+00A9 (decimal 169)
   defining Unicode char U+00AA (decimal 170)
   defining Unicode char U+00AC (decimal 172)
   defining Unicode char U+00AE (decimal 174)
   defining Unicode char U+00AF (decimal 175)
   defining Unicode char U+00B0 (decimal 176)
   defining Unicode char U+00B1 (decimal 177)
   defining Unicode char U+00B2 (decimal 178)
   defining Unicode char U+00B3 (decimal 179)
   defining Unicode char U+00B4 (decimal 180)
   defining Unicode char U+00B5 (decimal 181)
   defining Unicode char U+00B6 (decimal 182)
   defining Unicode char U+00B7 (decimal 183)
   defining Unicode char U+00B9 (decimal 185)
   defining Unicode char U+00BA (decimal 186)
   defining Unicode char U+00BC (decimal 188)
   defining Unicode char U+00BD (decimal 189)
   defining Unicode char U+00BE (decimal 190)
   defining Unicode char U+00D7 (decimal 215)
   defining Unicode char U+00F7 (decimal 247)
   defining Unicode char U+0192 (decimal 402)
   defining Unicode char U+02C7 (decimal 711)
   defining Unicode char U+02D8 (decimal 728)
   defining Unicode char U+02DD (decimal 733)
   defining Unicode char U+0E3F (decimal 3647)
   defining Unicode char U+2016 (decimal 8214)
   defining Unicode char U+2020 (decimal 8224)
   defining Unicode char U+2021 (decimal 8225)
   defining Unicode char U+2022 (decimal 8226)
   defining Unicode char U+2030 (decimal 8240)
   defining Unicode char U+2031 (decimal 8241)
   defining Unicode char U+203B (decimal 8251)
   defining Unicode char U+203D (decimal 8253)
   defining Unicode char U+2044 (decimal 8260)
   defining Unicode char U+204E (decimal 8270)
   defining Unicode char U+2052 (decimal 8274)
   defining Unicode char U+20A1 (decimal 8353)
   defining Unicode char U+20A4 (decimal 8356)
   defining Unicode char U+20A6 (decimal 8358)
   defining Unicode char U+20A9 (decimal 8361)
   defining Unicode char U+20AB (decimal 8363)
   defining Unicode char U+20AC (decimal 8364)
   defining Unicode char U+20B1 (decimal 8369)
   defining Unicode char U+2103 (decimal 8451)
   defining Unicode char U+2116 (decimal 8470)
   defining Unicode char U+2117 (decimal 8471)
   defining Unicode char U+211E (decimal 8478)
   defining Unicode char U+2120 (decimal 8480)
   defining Unicode char U+2122 (decimal 8482)
   defining Unicode char U+2126 (decimal 8486)
   defining Unicode char U+2127 (decimal 8487)
   defining Unicode char U+212E (decimal 8494)
   defining Unicode char U+2190 (decimal 8592)
   defining Unicode char U+2191 (decimal 8593)
   defining Unicode char U+2192 (decimal 8594)
   defining Unicode char U+2193 (decimal 8595)
   defining Unicode char U+2329 (decimal 9001)
   defining Unicode char U+232A (decimal 9002)
   defining Unicode char U+2422 (decimal 9250)
   defining Unicode char U+25E6 (decimal 9702)
   defining Unicode char U+25EF (decimal 9711)
   defining Unicode char U+266A (decimal 9834)
)
("C:\Users\GianAndrea\AppData\Local\Programs\MiKTeX 2.9\tex\latex\beamer\base\t
ranslator\dicts\translator-basic-dictionary\translator-basic-dictionary-English
.dict"
Dictionary: translator-basic-dictionary, Language: English 
)
("C:\Users\GianAndrea\AppData\Local\Programs\MiKTeX 2.9\tex\latex\siunitx\siuni
tx-abbreviations.cfg"
File: siunitx-abbreviations.cfg 2016/03/01 v2.6q siunitx: Abbreviated units
)
\c@lstlisting=\count266
\AtBeginShipoutBox=\box84
Package hyperref Info: Link coloring OFF on input line 25.

("C:\Users\GianAndrea\AppData\Local\Programs\MiKTeX 2.9\tex\latex\hyperref\name
ref.sty"
Package: nameref 2012/10/27 v2.43 Cross-referencing by name of section

("C:\Users\GianAndrea\AppData\Local\Programs\MiKTeX 2.9\tex\generic\oberdiek\ge
ttitlestring.sty"
Package: gettitlestring 2010/12/03 v1.4 Cleanup title references (HO)
)
\c@section@level=\count267
)
LaTeX Info: Redefining \ref on input line 25.
LaTeX Info: Redefining \pageref on input line 25.
LaTeX Info: Redefining \nameref on input line 25.

("C:\Users\GianAndrea\Documents\Vorlesungsmaterial\LaTex\Alle ZFG\3. und 4. Sem
ester\Regelungstechnik II\build\Regelungstechnik.out")
("C:\Users\GianAndrea\Documents\Vorlesungsmaterial\LaTex\Alle ZFG\3. und 4. Sem
ester\Regelungstechnik II\build\Regelungstechnik.out")
\@outlinefile=\write3
\openout3 = `Regelungstechnik.out'.

\c__siunitx_mathsf_int=\count268
LaTeX Font Info:    Try loading font information for U+msa on input line 25.

("C:\Users\GianAndrea\AppData\Local\Programs\MiKTeX 2.9\tex\latex\amsfonts\umsa
.fd"
File: umsa.fd 2013/01/14 v3.01 AMS symbols A
)
LaTeX Font Info:    Try loading font information for U+msb on input line 25.

("C:\Users\GianAndrea\AppData\Local\Programs\MiKTeX 2.9\tex\latex\amsfonts\umsb
.fd"
File: umsb.fd 2013/01/14 v3.01 AMS symbols B
)
LaTeX Font Info:    Try loading font information for U+rsfs on input line 25.

("C:\Users\GianAndrea\AppData\Local\Programs\MiKTeX 2.9\tex\latex\jknappen\ursf
s.fd"
File: ursfs.fd 1998/03/24 rsfs font definition file (jk)
)
LaTeX Font Info:    Try loading font information for U+esint on input line 25.

("C:\Users\GianAndrea\AppData\Local\Programs\MiKTeX 2.9\tex\latex\esint\uesint.
fd"
File: uesint.fd 
)
\c__siunitx_mathtt_int=\count269

("C:\Users\GianAndrea\Documents\Vorlesungsmaterial\LaTex\Alle ZFG\3. und 4. Sem
ester\Regelungstechnik II\build\Regelungstechnik.toc"
Overfull \hbox (2.17224pt too wide) detected at line 91
\OT1/cmr/m/n/8 17.10. 
 []


Overfull \hbox (2.17224pt too wide) detected at line 92
\OT1/cmr/m/n/8 17.11. 
 []


Overfull \hbox (2.17224pt too wide) detected at line 93
\OT1/cmr/m/n/8 17.12. 
 []

)
\tf@toc=\write4
\openout4 = `Regelungstechnik.toc'.

 [1


{C:/Users/GianAndrea/AppData/Local/MiKTeX/2.9/pdftex/config/pdftex.map}]
part I.
Package scrkbase Info: You've told me to use the font selection of the element
(scrkbase)             `partprefix' that is an alias of element `partnumber'
(scrkbase)              on input line 37.
<Signal1.png, id=471, 206.2104pt x 81.4242pt>
File: Signal1.png Graphic file (type png)
 <use Signal1.png>
Package pdftex.def Info: Signal1.png used on input line 49.
(pdftex.def)             Requested size: 126.8172pt x 50.0762pt.

Underfull \hbox (badness 10000) in paragraph at lines 43--50
[]
 []

<StandardControlSystem.png, id=473, 388.3308pt x 165.2574pt>
File: StandardControlSystem.png Graphic file (type png)

<use StandardControlSystem.png>
Package pdftex.def Info: StandardControlSystem.png used on input line 85.
(pdftex.def)             Requested size: 263.6344pt x 112.19449pt.
LaTeX Font Info:    Try loading font information for OMS+cmr on input line 99.

("C:\Users\GianAndrea\AppData\Local\Programs\MiKTeX 2.9\tex\latex\base\omscmr.f
d"
File: omscmr.fd 2014/09/29 v2.5h Standard LaTeX font definitions
)
LaTeX Font Info:    Font shape `OMS/cmr/m/n' in size <10> not available
(Font)              Font shape `OMS/cmsy/m/n' tried instead on input line 99.
 <Modelling.png, id=474, 487.5816pt x 256.7994pt>
File: Modelling.png Graphic file (type png)
 <use Modelling.png>
Package pdftex.def Info: Modelling.png used on input line 108.
(pdftex.def)             Requested size: 263.6344pt x 138.85378pt.

<NormierungLinearisierung.png, id=475, 992.95969pt x 405.76593pt>
File: NormierungLinearisierung.png Graphic file (type png)

<use NormierungLinearisierung.png>
Package pdftex.def Info: NormierungLinearisierung.png used on input line 153.
(pdftex.def)             Requested size: 263.6344pt x 107.73177pt.
 [2 <./Signal1.png> <./StandardControlSystem.png> <./Modelling.png> <./Normieru
ngLinearisierung.png>]
<Blockschaltbild.png, id=500, 476.0184pt x 335.8146pt>
File: Blockschaltbild.png Graphic file (type png)

<use Blockschaltbild.png>
Package pdftex.def Info: Blockschaltbild.png used on input line 258.
(pdftex.def)             Requested size: 263.6344pt x 185.98987pt.
 [3 <./Blockschaltbild.png>]
<StateSpaceDecomposition.png, id=514, 538.32614pt x 243.00182pt>
File: StateSpaceDecomposition.png Graphic file (type png)

<use StateSpaceDecomposition.png>
Package pdftex.def Info: StateSpaceDecomposition.png used on input line 331.
(pdftex.def)             Requested size: 263.6344pt x 119.00517pt.


Package tabulary Warning: No suitable columns! on input line 395.

<LaplaceTransformOverview.png, id=515, 628.2672pt x 304.9794pt>
File: LaplaceTransformOverview.png Graphic file (type png)

<use LaplaceTransformOverview.png>
Package pdftex.def Info: LaplaceTransformOverview.png used on input line 412.
(pdftex.def)             Requested size: 263.6344pt x 127.97878pt.

<SystemRepresentation.png, id=516, 770.88pt x 230.7822pt>
File: SystemRepresentation.png Graphic file (type png)

<use SystemRepresentation.png>
Package pdftex.def Info: SystemRepresentation.png used on input line 414.
(pdftex.def)             Requested size: 263.6344pt x 78.92268pt.
 [4 <./StateSpaceDecomposition.png> <./LaplaceTransformOverview.png>] <Minimump
hase.png, id=532, 911.49837pt x 378.213pt>
File: Minimumphase.png Graphic file (type png)

<use Minimumphase.png>
Package pdftex.def Info: Minimumphase.png used on input line 548.
(pdftex.def)             Requested size: 263.6344pt x 109.3904pt.
 [5 <./SystemRepresentation.png> <./Minimumphase.png>]
<Nyquist.png, id=546, 663.23734pt x 299.475pt>
File: Nyquist.png Graphic file (type png)
 <use Nyquist.png>
Package pdftex.def Info: Nyquist.png used on input line 698.
(pdftex.def)             Requested size: 263.6344pt x 119.04301pt.


Package hyperref Warning: Token not allowed in a PDF string (PDFDocEncoding):
(hyperref)                removing `math shift' on input line 739.


Package hyperref Warning: Token not allowed in a PDF string (PDFDocEncoding):
(hyperref)                removing `\rightarrow' on input line 739.


Package hyperref Warning: Token not allowed in a PDF string (PDFDocEncoding):
(hyperref)                removing `math shift' on input line 739.

<FRtoTF.png, id=547, 571.4148pt x 384.9582pt>
File: FRtoTF.png Graphic file (type png)
 <use FRtoTF.png>
Package pdftex.def Info: FRtoTF.png used on input line 749.
(pdftex.def)             Requested size: 263.6344pt x 177.6057pt.
 [6 <./Nyquist.png>] <Uncertainty.png, id=561, 604.1772pt x 341.5962pt>
File: Uncertainty.png Graphic file (type png)
 <use Uncertainty.png>
Package pdftex.def Info: Uncertainty.png used on input line 755.
(pdftex.def)             Requested size: 263.6344pt x 149.05704pt.

<Uncertainty2.png, id=562, 813.2784pt x 385.9218pt>
File: Uncertainty2.png Graphic file (type png)
 <use Uncertainty2.png>
Package pdftex.def Info: Uncertainty2.png used on input line 759.
(pdftex.def)             Requested size: 263.6344pt x 125.1051pt.

<ClosedLoop.png, id=563, 842.1864pt x 278.9622pt>
File: ClosedLoop.png Graphic file (type png)
 <use ClosedLoop.png>
Package pdftex.def Info: ClosedLoop.png used on input line 767.
(pdftex.def)             Requested size: 263.6344pt x 87.32445pt.

<Robustness.png, id=564, 592.614pt x 295.3434pt>
File: Robustness.png Graphic file (type png)
 <use Robustness.png>
Package pdftex.def Info: Robustness.png used on input line 813.
(pdftex.def)             Requested size: 263.6344pt x 131.38908pt.

<RobustNyquist.png, id=565, 727.518pt x 373.395pt>
File: RobustNyquist.png Graphic file (type png)
 <use RobustNyquist.png>
Package pdftex.def Info: RobustNyquist.png used on input line 824.
(pdftex.def)             Requested size: 263.6344pt x 135.31091pt.

<Constraints.png, id=566, 675.4836pt x 371.4678pt>
File: Constraints.png Graphic file (type png)
 <use Constraints.png>
Package pdftex.def Info: Constraints.png used on input line 832.
(pdftex.def)             Requested size: 263.6344pt x 144.97955pt.

[7 <./FRtoTF.png> <./Uncertainty.png> <./Uncertainty2.png> <./ClosedLoop.png> <
./Robustness.png> <./RobustNyquist.png>]
<UpperBound.png, id=582, 699.5736pt x 335.8146pt>
File: UpperBound.png Graphic file (type png)
 <use UpperBound.png>
Package pdftex.def Info: UpperBound.png used on input line 840.
(pdftex.def)             Requested size: 263.6344pt x 126.55017pt.

<SummaryLimitations.png, id=583, 560.8152pt x 304.9794pt>
File: SummaryLimitations.png Graphic file (type png)

<use SummaryLimitations.png>
Package pdftex.def Info: SummaryLimitations.png used on input line 891.
(pdftex.def)             Requested size: 263.6344pt x 143.36826pt.
LaTeX Font Info:    Font shape `OMS/cmr/m/n' in size <9> not available
(Font)              Font shape `OMS/cmsy/m/n' tried instead on input line 903.
File: ClosedLoop.png Graphic file (type png)
 <use ClosedLoop.png>
Package pdftex.def Info: ClosedLoop.png used on input line 921.
(pdftex.def)             Requested size: 263.6344pt x 87.32445pt.
 [8 <./Constraints.png> <./UpperBound.png> <./SummaryLimitations.png>]
<Overshoot.png, id=598, 842.1864pt x 378.213pt>
File: Overshoot.png Graphic file (type png)
 <use Overshoot.png>
Package pdftex.def Info: Overshoot.png used on input line 981.
(pdftex.def)             Requested size: 263.6344pt x 118.39325pt.
LaTeX Font Info:    Font shape `OMS/cmr/m/n' in size <8> not available
(Font)              Font shape `OMS/cmsy/m/n' tried instead on input line 1004.


<PeakingLimitations.png, id=599, 803.6424pt x 330.9966pt>
File: PeakingLimitations.png Graphic file (type png)

<use PeakingLimitations.png>
Package pdftex.def Info: PeakingLimitations.png used on input line 1021.
(pdftex.def)             Requested size: 263.6344pt x 108.58273pt.
 <PID.png, id=600, 784.3704pt x 309.7974pt>
File: PID.png Graphic file (type png)

<use PID.png>
Package pdftex.def Info: PID.png used on input line 1040.
(pdftex.def)             Requested size: 263.6344pt x 104.12903pt.
 <RollOff.png, id=601, 750.6444pt x 374.3586pt>
File: RollOff.png Graphic file (type png)
 <use RollOff.png>
Package pdftex.def Info: RollOff.png used on input line 1077.
(pdftex.def)             Requested size: 263.6344pt x 131.47873pt.

<LeadLag.png, id=602, 849.8952pt x 332.9238pt>
File: LeadLag.png Graphic file (type png)
 <use LeadLag.png>
Package pdftex.def Info: LeadLag.png used on input line 1117.
(pdftex.def)             Requested size: 263.6344pt x 103.27135pt.

part II.
Package scrkbase Info: You've told me to use the font selection of the element
(scrkbase)             `partprefix' that is an alias of element `partnumber'
(scrkbase)              on input line 1121.

Package hyperref Warning: Difference (2) between bookmark levels is greater 
(hyperref)                than one, level fixed on input line 1123.

[9 <./Overshoot.png> <./PeakingLimitations.png> <./PID.png> <./RollOff.png>]
<PlantInversion.png, id=624, 721.7364pt x 309.7974pt>
File: PlantInversion.png Graphic file (type png)
 <use PlantInversion.png>
Package pdftex.def Info: PlantInversion.png used on input line 1166.
(pdftex.def)             Requested size: 263.6344pt x 113.16255pt.

<SmithPredictor.png, id=625, 597.432pt x 257.763pt>
File: SmithPredictor.png Graphic file (type png)
 <use SmithPredictor.png>
Package pdftex.def Info: SmithPredictor.png used on input line 1254.
(pdftex.def)             Requested size: 263.6344pt x 113.74644pt.

<SmithPredictor2.png, id=626, 1427.3325pt x 532.99126pt>
File: SmithPredictor2.png Graphic file (type png)

<use SmithPredictor2.png>
Package pdftex.def Info: SmithPredictor2.png used on input line 1256.
(pdftex.def)             Requested size: 263.6344pt x 98.43918pt.

Overfull \hbox (46.58928pt too wide) in paragraph at lines 1260--1264
[][] 
 []

<SmithResults.png, id=627, 492.3996pt x 376.2858pt>
File: SmithResults.png Graphic file (type png)
 <use SmithResults.png>
Package pdftex.def Info: SmithResults.png used on input line 1290.
(pdftex.def)             Requested size: 492.39839pt x 376.28487pt.

[10 <./LeadLag.png> <./PlantInversion.png> <./SmithPredictor.png> <./SmithPredi
ctor2.png>] <UpperBoundComplementary.png, id=638, 1204.5pt x 562.1pt>
File: UpperBoundComplementary.png Graphic file (type png)

<use UpperBoundComplementary.png>
Package pdftex.def Info: UpperBoundComplementary.png used on input line 1303.
(pdftex.def)             Requested size: 263.6344pt x 123.02768pt.

<UpperBoundSensitivity.png, id=639, 1196.47pt x 556.0775pt>
File: UpperBoundSensitivity.png Graphic file (type png)

<use UpperBoundSensitivity.png>
Package pdftex.def Info: UpperBoundSensitivity.png used on input line 1315.
(pdftex.def)             Requested size: 263.6344pt x 122.5241pt.

<RobustPerformanceBode.png, id=640, 823.075pt x 308.15125pt>
File: RobustPerformanceBode.png Graphic file (type png)

<use RobustPerformanceBode.png>
Package pdftex.def Info: RobustPerformanceBode.png used on input line 1336.
(pdftex.def)             Requested size: 263.6344pt x 98.69974pt.

<RobustPerformance.png, id=641, 1080.035pt x 631.35875pt>
File: RobustPerformance.png Graphic file (type png)

<use RobustPerformance.png>
Package pdftex.def Info: RobustPerformance.png used on input line 1338.
(pdftex.def)             Requested size: 263.6344pt x 154.11104pt.

<CascadedControl.png, id=642, 642.7212pt x 196.0926pt>
File: CascadedControl.png Graphic file (type png)

<use CascadedControl.png>
Package pdftex.def Info: CascadedControl.png used on input line 1352.
(pdftex.def)             Requested size: 263.6344pt x 80.4314pt.

<SetpointWeighting.png, id=643, 579.1236pt x 218.2554pt>
File: SetpointWeighting.png Graphic file (type png)

<use SetpointWeighting.png>
Package pdftex.def Info: SetpointWeighting.png used on input line 1368.
(pdftex.def)             Requested size: 263.6344pt x 99.35963pt.
 [11 <./SmithResults.png> <./UpperBoundComplementary.png> <./UpperBoundSensitiv
ity.png> <./RobustPerformanceBode.png> <./RobustPerformance.png> <./CascadedCon
trol.png>]
<FeedForward.png, id=653, 600.3228pt x 242.3454pt>
File: FeedForward.png Graphic file (type png)
 <use FeedForward.png>
Package pdftex.def Info: FeedForward.png used on input line 1391.
(pdftex.def)             Requested size: 263.6344pt x 106.42522pt.

<StaticFeedForward.png, id=654, 679.338pt x 256.7994pt>
File: StaticFeedForward.png Graphic file (type png)

<use StaticFeedForward.png>
Package pdftex.def Info: StaticFeedForward.png used on input line 1409.
(pdftex.def)             Requested size: 263.6344pt x 99.65764pt.

<ActuatorSaturation.png, id=655, 634.0488pt x 161.403pt>
File: ActuatorSaturation.png Graphic file (type png)

<use ActuatorSaturation.png>
Package pdftex.def Info: ActuatorSaturation.png used on input line 1431.
(pdftex.def)             Requested size: 263.6344pt x 67.11151pt.

<AntiResetWindup.png, id=656, 654.2844pt x 252.945pt>
File: AntiResetWindup.png Graphic file (type png)

<use AntiResetWindup.png>
Package pdftex.def Info: AntiResetWindup.png used on input line 1443.
(pdftex.def)             Requested size: 263.6344pt x 101.91725pt.

<DiscreteController.png, id=657, 666.8112pt x 172.0026pt>
File: DiscreteController.png Graphic file (type png)

<use DiscreteController.png>
Package pdftex.def Info: DiscreteController.png used on input line 1462.
(pdftex.def)             Requested size: 263.6344pt x 68.00458pt.
 [12 <./SetpointWeighting.png> <./FeedForward.png> <./StaticFeedForward.png> <.
/ActuatorSaturation.png> <./AntiResetWindup.png>]
<DiscreteControlSoftware.png, id=672, 1033.8625pt x 594.22pt>
File: DiscreteControlSoftware.png Graphic file (type png)

<use DiscreteControlSoftware.png>
Package pdftex.def Info: DiscreteControlSoftware.png used on input line 1482.
(pdftex.def)             Requested size: 263.6344pt x 151.51956pt.

<DigitalReference.png, id=673, 1040.88875pt x 227.85126pt>
File: DigitalReference.png Graphic file (type png)

<use DigitalReference.png>
Package pdftex.def Info: DigitalReference.png used on input line 1486.
(pdftex.def)             Requested size: 263.6344pt x 57.71016pt.

<DiscreteLyapunov.png, id=674, 542.5068pt x 325.215pt>
File: DiscreteLyapunov.png Graphic file (type png)

<use DiscreteLyapunov.png>
Package pdftex.def Info: DiscreteLyapunov.png used on input line 1490.
(pdftex.def)             Requested size: 263.6344pt x 158.0417pt.
 <DiscreteADC.png, id=675, 485.6544pt x 154.6578pt>
File: DiscreteADC.png Graphic file (type png)

<use DiscreteADC.png>
Package pdftex.def Info: DiscreteADC.png used on input line 1494.
(pdftex.def)             Requested size: 263.6344pt x 83.95761pt.
 <Aliasing.png, id=676, 514.5624pt x 308.8338pt>
File: Aliasing.png Graphic file (type png)

<use Aliasing.png>
Package pdftex.def Info: Aliasing.png used on input line 1506.
(pdftex.def)             Requested size: 263.6344pt x 158.23828pt.
 <NumericalIntegration.png, id=677, 617.6676pt x 265.4718pt>
File: NumericalIntegration.png Graphic file (type png)

<use NumericalIntegration.png>
Package pdftex.def Info: NumericalIntegration.png used on input line 1523.
(pdftex.def)             Requested size: 263.6344pt x 113.30807pt.
 [13 <./DiscreteController.png> <./DiscreteControlSoftware.png> <./DigitalRefer
ence.png> <./DiscreteLyapunov.png> <./DiscreteADC.png> <./Aliasing.png>] <PoleM
apping.png, id=694, 672.5928pt x 321.3606pt>
File: PoleMapping.png Graphic file (type png)

<use PoleMapping.png>
Package pdftex.def Info: PoleMapping.png used on input line 1578.
(pdftex.def)             Requested size: 263.6344pt x 125.96758pt.

Underfull \hbox (badness 5105) in paragraph at lines 1596--1597
[]\OT1/cmr/m/n/10 For ex-am-ple the mea-sur-able tem-per-a-ture in-ter-val is
 []

<TransferFunctionInterconnection.png, id=696, 978.65625pt x 239.89626pt>
File: TransferFunctionInterconnection.png Graphic file (type png)

<use TransferFunctionInterconnection.png>
Package pdftex.def Info: TransferFunctionInterconnection.png used on input line
 1645.
(pdftex.def)             Requested size: 263.6344pt x 64.62276pt.
 [14 <./NumericalIntegration.png> <./PoleMapping.png>] <MIMOClosedLoop.png, id=
716, 1249.66875pt x 384.43625pt>
File: MIMOClosedLoop.png Graphic file (type png)

<use MIMOClosedLoop.png>
Package pdftex.def Info: MIMOClosedLoop.png used on input line 1699.
(pdftex.def)             Requested size: 263.6344pt x 81.09769pt.
 [15 <./TransferFunctionInterconnection.png> <./MIMOClosedLoop.png>] <RGA_Herle
itung.png, id=731, 650.43pt x 185.493pt>
File: RGA_Herleitung.png Graphic file (type png)

<use RGA_Herleitung.png>
Package pdftex.def Info: RGA_Herleitung.png used on input line 1765.
(pdftex.def)             Requested size: 263.6344pt x 75.18651pt.

Underfull \hbox (badness 10000) in paragraph at lines 1807--1807
[]|\OT1/cmr/m/n/10 Bode di-a-gram with
 []

File: Signal1.png Graphic file (type png)
<use Signal1.png>
Package pdftex.def Info: Signal1.png used on input line 1867.
(pdftex.def)             Requested size: 126.8172pt x 50.0762pt.

Underfull \hbox (badness 10000) in paragraph at lines 1861--1868
[][]
 []


Overfull \hbox (3.31314pt too wide) in paragraph at lines 1882--1882
[]|$[]$|  
 []


Overfull \hbox (3.31314pt too wide) in paragraph at lines 1882--1882
[]|$[]$|  
 []

<SVDCombined.png, id=732, 926.86275pt x 441.44925pt>
File: SVDCombined.png Graphic file (type png)
 <use SVDCombined.png>
Package pdftex.def Info: SVDCombined.png used on input line 1892.
(pdftex.def)             Requested size: 263.6344pt x 125.5651pt.

[16 <./RGA_Herleitung.png>]
<PolePlacement.png, id=742, 532.8708pt x 155.6214pt>
File: PolePlacement.png Graphic file (type png)
 <use PolePlacement.png>
Package pdftex.def Info: PolePlacement.png used on input line 2020.
(pdftex.def)             Requested size: 263.6344pt x 76.996pt.

<PolePlacementOCLoop.png, id=743, 1396.21625pt x 423.5825pt>
File: PolePlacementOCLoop.png Graphic file (type png)

<use PolePlacementOCLoop.png>
Package pdftex.def Info: PolePlacementOCLoop.png used on input line 2024.
(pdftex.def)             Requested size: 263.6344pt x 79.97737pt.
 [17 <./SVDCombined.png>]
<StateFeedbackRegulator.png, id=758, 445.1832pt x 220.1826pt>
File: StateFeedbackRegulator.png Graphic file (type png)

<use StateFeedbackRegulator.png>
Package pdftex.def Info: StateFeedbackRegulator.png used on input line 2055.
(pdftex.def)             Requested size: 263.6344pt x 130.39711pt.

Underfull \hbox (badness 10000) in paragraph at lines 2095--2095
[]\OT1/cmr/m/sc/14.4 Linear quadratic reg-u-la-tor
 []

[18 <./PolePlacement.png> <./PolePlacementOCLoop.png> <./StateFeedbackRegulator
.png>] <ReferenceLQR.png, id=768, 373.8768pt x 163.0893pt>
File: ReferenceLQR.png Graphic file (type png)

<use ReferenceLQR.png>
Package pdftex.def Info: ReferenceLQR.png used on input line 2184.
(pdftex.def)             Requested size: 263.6344pt x 115.00035pt.
 <LQRI.png, id=769, 657.1752pt x 234.6366pt>
File: LQRI.png Graphic file (type png)

<use LQRI.png>
Package pdftex.def Info: LQRI.png used on input line 2200.
(pdftex.def)             Requested size: 263.6344pt x 94.12865pt.
 <LQRI2.png, id=770, 675.4836pt x 327.1422pt>
File: LQRI2.png Graphic file (type png)
 <use LQRI2.png>
Package pdftex.def Info: LQRI2.png used on input line 2210.
(pdftex.def)             Requested size: 263.6344pt x 127.67978pt.

Overfull \hbox (1.61368pt too wide) in paragraph at lines 2215--2225
[][] 
 []

[19 <./ReferenceLQR.png> <./LQRI.png> <./LQRI2.png>]
<FiniteHorizonLQR.png, id=785, 582.0144pt x 304.9794pt>
File: FiniteHorizonLQR.png Graphic file (type png)

<use FiniteHorizonLQR.png>
Package pdftex.def Info: FiniteHorizonLQR.png used on input line 2274.
(pdftex.def)             Requested size: 263.6344pt x 138.14691pt.

<FeedforwardLQR.png, id=786, 589.7232pt x 270.2898pt>
File: FeedforwardLQR.png Graphic file (type png)
 <use FeedforwardLQR.png>
Package pdftex.def Info: FeedforwardLQR.png used on input line 2280.
(pdftex.def)             Requested size: 263.6344pt x 120.82916pt.

Underfull \hbox (badness 10000) in paragraph at lines 2298--2298
[]\OT1/cmr/m/sc/14.4 Numerical Op-ti-mal Con-trol
 []


Underfull \hbox (badness 10000) in paragraph at lines 2328--2328
[]\OT1/cmr/m/sc/14.4 Model pre-dic-tive con-trol
 []

<ModelPredictiveControl.png, id=787, 599.841pt x 302.0886pt>
File: ModelPredictiveControl.png Graphic file (type png)

<use ModelPredictiveControl.png>
Package pdftex.def Info: ModelPredictiveControl.png used on input line 2330.
(pdftex.def)             Requested size: 263.6344pt x 132.77188pt.

<ClassicalVsMPC.png, id=788, 1408.26125pt x 274.02374pt>
File: ClassicalVsMPC.png Graphic file (type png)

<use ClassicalVsMPC.png>
Package pdftex.def Info: ClassicalVsMPC.png used on input line 2348.
(pdftex.def)             Requested size: 263.6344pt x 51.2957pt.
 [20 <./FiniteHorizonLQR.png> <./FeedforwardLQR.png> <./ModelPredictiveControl.
png> <./ClassicalVsMPC.png>]
Overfull \hbox (1.91838pt too wide) in paragraph at lines 2385--2386
[]\OT1/cmr/m/n/9 Single/multivariable 
 []


Underfull \hbox (badness 7667) in paragraph at lines 2394--2395
[]\OT1/cmr/m/n/9 Worst er-ror over
 []

<StateObserverPrinciple.png, id=806, 677.4108pt x 221.1462pt>
File: StateObserverPrinciple.png Graphic file (type png)

<use StateObserverPrinciple.png>
Package pdftex.def Info: StateObserverPrinciple.png used on input line 2415.
(pdftex.def)             Requested size: 263.6344pt x 86.06444pt.

<StateObserver.png, id=807, 282.0939pt x 168.1482pt>
File: StateObserver.png Graphic file (type png)
 <use StateObserver.png>
Package pdftex.def Info: StateObserver.png used on input line 2419.
(pdftex.def)             Requested size: 263.6344pt x 157.1613pt.

<DerivationLQG.png, id=808, 1280.785pt x 318.18875pt>
File: DerivationLQG.png Graphic file (type png)
 <use DerivationLQG.png>
Package pdftex.def Info: DerivationLQG.png used on input line 2477.
(pdftex.def)             Requested size: 263.6344pt x 65.49129pt.

Overfull \hbox (1.74234pt too wide) in paragraph at lines 2500--2500
 [] 
 []

[21 <./StateObserverPrinciple.png> <./StateObserver.png> <./DerivationLQG.png>]
<LQGAdditional.png, id=820, 1182.4175pt x 665.48625pt>
File: LQGAdditional.png Graphic file (type png)
 <use LQGAdditional.png>
Package pdftex.def Info: LQGAdditional.png used on input line 2529.
(pdftex.def)             Requested size: 263.6344pt x 148.3774pt.

<LQG.png, id=821, 687.0468pt x 246.1998pt>
File: LQG.png Graphic file (type png)
 <use LQG.png>
Package pdftex.def Info: LQG.png used on input line 2531.
(pdftex.def)             Requested size: 263.6344pt x 94.47353pt.

<LoopTransferRecovery.png, id=822, 563.2242pt x 272.217pt>
File: LoopTransferRecovery.png Graphic file (type png)

<use LoopTransferRecovery.png>
Package pdftex.def Info: LoopTransferRecovery.png used on input line 2577.
(pdftex.def)             Requested size: 263.6344pt x 127.41862pt.

<LTRSpecifications.png, id=823, 698.61pt x 366.6498pt>
File: LTRSpecifications.png Graphic file (type png)

<use LTRSpecifications.png>
Package pdftex.def Info: LTRSpecifications.png used on input line 2623.
(pdftex.def)             Requested size: 263.6344pt x 138.36049pt.
 [22 <./LQGAdditional.png> <./LQG.png> <./LoopTransferRecovery.png>] <LQGRefere
nce.png, id=846, 761.84625pt x 354.57469pt>
File: LQGReference.png Graphic file (type png)

<use LQGReference.png>
Package pdftex.def Info: LQGReference.png used on input line 2696.
(pdftex.def)             Requested size: 263.6344pt x 122.6963pt.
 <LQGReference2.png, id=847, 502.0356pt x 213.4374pt>
File: LQGReference2.png Graphic file (type png)

<use LQGReference2.png>
Package pdftex.def Info: LQGReference2.png used on input line 2704.
(pdftex.def)             Requested size: 263.6344pt x 112.08235pt.

<LQGReferenceSimulink.png, id=848, 1474.50874pt x 402.50375pt>
File: LQGReferenceSimulink.png Graphic file (type png)

<use LQGReferenceSimulink.png>
Package pdftex.def Info: LQGReferenceSimulink.png used on input line 2708.
(pdftex.def)             Requested size: 263.6344pt x 71.96234pt.
 <LQGI.png, id=849, 512.6352pt x 206.6922pt>
File: LQGI.png Graphic file (type png)

<use LQGI.png>
Package pdftex.def Info: LQGI.png used on input line 2712.
(pdftex.def)             Requested size: 263.6344pt x 106.29785pt.
 <LQRISimulink.png, id=850, 1471.4975pt x 455.7025pt>
File: LQRISimulink.png Graphic file (type png)

<use LQRISimulink.png>
Package pdftex.def Info: LQRISimulink.png used on input line 2722.
(pdftex.def)             Requested size: 263.6344pt x 81.64046pt.


Package hyperref Warning: Token not allowed in a PDF string (PDFDocEncoding):
(hyperref)                removing `math shift' on input line 2736.


Package hyperref Warning: Token not allowed in a PDF string (PDFDocEncoding):
(hyperref)                removing `\beta' on input line 2736.


Package hyperref Warning: Token not allowed in a PDF string (PDFDocEncoding):
(hyperref)                removing `math shift' on input line 2736.

[23 <./LTRSpecifications.png> <./LQGReference.png> <./LQGReference2.png> <./LQG
ReferenceSimulink.png> <./LQGI.png> <./LQRISimulink.png>]
<BetaMethod.png, id=876, 657.2053pt x 252.19218pt>
File: BetaMethod.png Graphic file (type png)
 <use BetaMethod.png>
Package pdftex.def Info: BetaMethod.png used on input line 2740.
(pdftex.def)             Requested size: 263.6344pt x 101.16754pt.

part III.
Package scrkbase Info: You've told me to use the font selection of the element
(scrkbase)             `partprefix' that is an alias of element `partnumber'
(scrkbase)              on input line 2766.

Overfull \hbox (1.68042pt too wide) in paragraph at lines 2807--2807
[]|[]\OT1/cmtt/m/n/9 sys=zpk([Z],[Pi],k_p)| 
 []


Overfull \hbox (16.00612pt too wide) in paragraph at lines 2824--2825
[]|[]| 
 []


Underfull \hbox (badness 10000) in paragraph at lines 2844--2845
[]|\OT1/cmr/m/n/9 Direction of max-i-mum
 []


Overfull \hbox (24.10599pt too wide) in paragraph at lines 2847--2848
[]|[]\OT1/cmtt/m/n/9 mu=[abs(V_max(1));abs(V_max(2))];| 
 []


Overfull \hbox (43.00577pt too wide) in paragraph at lines 2848--2849
[]|[]\OT1/cmtt/m/n/9 phi=[angle(V_max(1));angel(V_max(2));| 
 []


Underfull \hbox (badness 10000) in paragraph at lines 2771--2873
[]
 []


Underfull \hbox (badness 10000) in paragraph at lines 2771--2873
[]
 []


Underfull \hbox (badness 10000) in paragraph at lines 2771--2873
[]
 []


Underfull \hbox (badness 10000) in paragraph at lines 2771--2873
[]
 []


Underfull \hbox (badness 10000) in paragraph at lines 2771--2873
[]
 []

[24 <./BetaMethod.png>]
File: Signal1.png Graphic file (type png)
 <use Signal1.png>
Package pdftex.def Info: Signal1.png used on input line 2945.
(pdftex.def)             Requested size: 126.8172pt x 50.0762pt.

Underfull \hbox (badness 10000) in paragraph at lines 2939--2946
[][]
 []

[25] <MatlabAddition.png, id=894, 845.0772pt x 597.432pt>
File: MatlabAddition.png Graphic file (type png)

<use MatlabAddition.png>
Package pdftex.def Info: MatlabAddition.png used on input line 2951.
(pdftex.def)             Requested size: 810.9032pt x 573.27296pt.

Overfull \hbox (10.00002pt too wide) in paragraph at lines 2951--2952
[][] 
 []

<Appendix1.png, id=895, 845.0772pt x 597.432pt>
Overfull \vbox (26.98056pt too high) has occurred while \output is active []


[26 <./MatlabAddition.png>]
File: Appendix1.png Graphic file (type png)
 <use Appendix1.png>
Package pdftex.def Info: Appendix1.png used on input line 2953.
(pdftex.def)             Requested size: 810.9032pt x 573.27296pt.

Overfull \hbox (10.00002pt too wide) in paragraph at lines 2953--2954
[][] 
 []

<Appendix2.png, id=900, 845.0772pt x 597.432pt>
Overfull \vbox (26.98056pt too high) has occurred while \output is active []


[27 <./Appendix1.png>]
File: Appendix2.png Graphic file (type png)
 <use Appendix2.png>
Package pdftex.def Info: Appendix2.png used on input line 2955.
(pdftex.def)             Requested size: 810.9032pt x 573.27296pt.

Overfull \hbox (10.00002pt too wide) in paragraph at lines 2955--2956
[][] 
 []

<Appendix3.png, id=905, 845.0772pt x 597.432pt>
Overfull \vbox (26.98056pt too high) has occurred while \output is active []


[28 <./Appendix2.png>]
File: Appendix3.png Graphic file (type png)
 <use Appendix3.png>
Package pdftex.def Info: Appendix3.png used on input line 2957.
(pdftex.def)             Requested size: 810.9032pt x 573.27296pt.

Overfull \hbox (10.00002pt too wide) in paragraph at lines 2957--2958
[][] 
 []

<Appendix4.png, id=910, 845.0772pt x 597.432pt>
Overfull \vbox (26.98056pt too high) has occurred while \output is active []


[29 <./Appendix3.png>]
File: Appendix4.png Graphic file (type png)
 <use Appendix4.png>
Package pdftex.def Info: Appendix4.png used on input line 2959.
(pdftex.def)             Requested size: 810.9032pt x 573.27296pt.

Overfull \hbox (10.00002pt too wide) in paragraph at lines 2959--2960
[][] 
 []

<Appendix5.png, id=915, 845.0772pt x 597.432pt>
Overfull \vbox (26.98056pt too high) has occurred while \output is active []


[30 <./Appendix4.png>]
File: Appendix5.png Graphic file (type png)
 <use Appendix5.png>
Package pdftex.def Info: Appendix5.png used on input line 2961.
(pdftex.def)             Requested size: 810.9032pt x 573.27296pt.

Overfull \hbox (10.00002pt too wide) in paragraph at lines 2961--2962
[][] 
 []

Package atveryend Info: Empty hook `BeforeClearDocument' on input line 2963.

Overfull \vbox (26.98056pt too high) has occurred while \output is active []


[31 <./Appendix5.png>]
Package atveryend Info: Empty hook `AfterLastShipout' on input line 2963.

("C:\Users\GianAndrea\Documents\Vorlesungsmaterial\LaTex\Alle ZFG\3. und 4. Sem
ester\Regelungstechnik II\build\Regelungstechnik.aux")
Package atveryend Info: Executing hook `AtVeryEndDocument' on input line 2963.
Package atveryend Info: Executing hook `AtEndAfterFileList' on input line 2963.

Package rerunfilecheck Info: File `Regelungstechnik.out' has not changed.
(rerunfilecheck)             Checksum: 829EC41AB27BF071FAD1A1658BD75F07;5847.
Package atveryend Info: Empty hook `AtVeryVeryEnd' on input line 2963.
 ) 
Here is how much of TeX's memory you used:
 23259 strings out of 493634
 428285 string characters out of 3133199
 560762 words of memory out of 3000000
 25977 multiletter control sequences out of 15000+200000
 25544 words of font info for 106 fonts, out of 3000000 for 9000
 1025 hyphenation exceptions out of 8191
 43i,16n,50p,10444b,1097s stack positions out of 5000i,500n,10000p,200000b,50000s
<C:/Users/GianAndrea/AppData/Local/Programs/MiKTeX 2.9/fonts/type1/public/ams
fonts/cm/cmbx10.pfb><C:/Users/GianAndrea/AppData/Local/Programs/MiKTeX 2.9/font
s/type1/public/amsfonts/cm/cmbx7.pfb><C:/Users/GianAndrea/AppData/Local/Program
s/MiKTeX 2.9/fonts/type1/public/amsfonts/cm/cmbx8.pfb><C:/Users/GianAndrea/AppD
ata/Local/Programs/MiKTeX 2.9/fonts/type1/public/amsfonts/cm/cmbx9.pfb><C:/User
s/GianAndrea/AppData/Local/Programs/MiKTeX 2.9/fonts/type1/public/amsfonts/cm/c
mbxti10.pfb><C:/Users/GianAndrea/AppData/Local/Programs/MiKTeX 2.9/fonts/type1/
public/amsfonts/cm/cmcsc10.pfb><C:/Users/GianAndrea/AppData/Local/Programs/MiKT
eX 2.9/fonts/type1/public/amsfonts/cm/cmex10.pfb><C:/Users/GianAndrea/AppData/L
ocal/Programs/MiKTeX 2.9/fonts/type1/public/amsfonts/cmextra/cmex7.pfb><C:/User
s/GianAndrea/AppData/Local/Programs/MiKTeX 2.9/fonts/type1/public/amsfonts/cmex
tra/cmex8.pfb><C:/Users/GianAndrea/AppData/Local/Programs/MiKTeX 2.9/fonts/type
1/public/amsfonts/cmextra/cmex9.pfb><C:/Users/GianAndrea/AppData/Local/Programs
/MiKTeX 2.9/fonts/type1/public/amsfonts/cm/cmmi10.pfb><C:/Users/GianAndrea/AppD
ata/Local/Programs/MiKTeX 2.9/fonts/type1/public/amsfonts/cm/cmmi12.pfb><C:/Use
rs/GianAndrea/AppData/Local/Programs/MiKTeX 2.9/fonts/type1/public/amsfonts/cm/
cmmi5.pfb><C:/Users/GianAndrea/AppData/Local/Programs/MiKTeX 2.9/fonts/type1/pu
blic/amsfonts/cm/cmmi6.pfb><C:/Users/GianAndrea/AppData/Local/Programs/MiKTeX 2
.9/fonts/type1/public/amsfonts/cm/cmmi7.pfb><C:/Users/GianAndrea/AppData/Local/
Programs/MiKTeX 2.9/fonts/type1/public/amsfonts/cm/cmmi8.pfb><C:/Users/GianAndr
ea/AppData/Local/Programs/MiKTeX 2.9/fonts/type1/public/amsfonts/cm/cmmi9.pfb><
C:/Users/GianAndrea/AppData/Local/Programs/MiKTeX 2.9/fonts/type1/public/amsfon
ts/cm/cmr10.pfb><C:/Users/GianAndrea/AppData/Local/Programs/MiKTeX 2.9/fonts/ty
pe1/public/amsfonts/cm/cmr12.pfb><C:/Users/GianAndrea/AppData/Local/Programs/Mi
KTeX 2.9/fonts/type1/public/amsfonts/cm/cmr5.pfb><C:/Users/GianAndrea/AppData/L
ocal/Programs/MiKTeX 2.9/fonts/type1/public/amsfonts/cm/cmr6.pfb><C:/Users/Gian
Andrea/AppData/Local/Programs/MiKTeX 2.9/fonts/type1/public/amsfonts/cm/cmr7.pf
b><C:/Users/GianAndrea/AppData/Local/Programs/MiKTeX 2.9/fonts/type1/public/ams
fonts/cm/cmr8.pfb><C:/Users/GianAndrea/AppData/Local/Programs/MiKTeX 2.9/fonts/
type1/public/amsfonts/cm/cmr9.pfb><C:/Users/GianAndrea/AppData/Local/Programs/M
iKTeX 2.9/fonts/type1/public/amsfonts/cm/cmssbx10.pfb><C:/Users/GianAndrea/AppD
ata/Local/Programs/MiKTeX 2.9/fonts/type1/public/amsfonts/cm/cmsy10.pfb><C:/Use
rs/GianAndrea/AppData/Local/Programs/MiKTeX 2.9/fonts/type1/public/amsfonts/cm/
cmsy5.pfb><C:/Users/GianAndrea/AppData/Local/Programs/MiKTeX 2.9/fonts/type1/pu
blic/amsfonts/cm/cmsy6.pfb><C:/Users/GianAndrea/AppData/Local/Programs/MiKTeX 2
.9/fonts/type1/public/amsfonts/cm/cmsy7.pfb><C:/Users/GianAndrea/AppData/Local/
Programs/MiKTeX 2.9/fonts/type1/public/amsfonts/cm/cmsy8.pfb><C:/Users/GianAndr
ea/AppData/Local/Programs/MiKTeX 2.9/fonts/type1/public/amsfonts/cm/cmsy9.pfb><
C:/Users/GianAndrea/AppData/Local/Programs/MiKTeX 2.9/fonts/type1/public/amsfon
ts/cm/cmti10.pfb><C:/Users/GianAndrea/AppData/Local/Programs/MiKTeX 2.9/fonts/t
ype1/public/amsfonts/cm/cmti8.pfb><C:/Users/GianAndrea/AppData/Local/Programs/M
iKTeX 2.9/fonts/type1/public/amsfonts/cm/cmti9.pfb><C:/Users/GianAndrea/AppData
/Local/Programs/MiKTeX 2.9/fonts/type1/public/amsfonts/cm/cmtt10.pfb><C:/Users/
GianAndrea/AppData/Local/Programs/MiKTeX 2.9/fonts/type1/public/amsfonts/cm/cmt
t9.pfb><C:/Users/GianAndrea/AppData/Local/Programs/MiKTeX 2.9/fonts/type1/publi
c/esint/esint10.pfb><C:/Users/GianAndrea/AppData/Local/Programs/MiKTeX 2.9/font
s/type1/public/amsfonts/symbols/msam10.pfb><C:/Users/GianAndrea/AppData/Local/P
rograms/MiKTeX 2.9/fonts/type1/public/amsfonts/symbols/msam7.pfb><C:/Users/Gian
Andrea/AppData/Local/Programs/MiKTeX 2.9/fonts/type1/public/amsfonts/symbols/ms
bm10.pfb><C:/Users/GianAndrea/AppData/Local/Programs/MiKTeX 2.9/fonts/type1/pub
lic/amsfonts/symbols/msbm7.pfb>
Output written on "C:/Users/GianAndrea/Documents/Vorlesungsmaterial/LaTex/Alle 
ZFG/3. und 4. Semester/Regelungstechnik II/build/Regelungstechnik.pdf" (31 page
s, 12724467 bytes).
PDF statistics:
 1110 PDF objects out of 1200 (max. 8388607)
 282 named destinations out of 1000 (max. 500000)
 1124 words of extra memory for PDF output out of 10000 (max. 10000000)

