\BOOKMARK [0][-]{part.1}{RT1}{}% 1
\BOOKMARK [1][-]{section.1}{Definitions}{part.1}% 2
\BOOKMARK [1][-]{section.2}{Standard Control System}{part.1}% 3
\BOOKMARK [1][-]{section.3}{System Representation}{part.1}% 4
\BOOKMARK [2][-]{subsection.3.1}{Modelling}{section.3}% 5
\BOOKMARK [2][-]{subsection.3.2}{Normalization}{section.3}% 6
\BOOKMARK [2][-]{subsection.3.3}{Linearization}{section.3}% 7
\BOOKMARK [2][-]{subsection.3.4}{State-Space Description}{section.3}% 8
\BOOKMARK [2][-]{subsection.3.5}{I/O Description}{section.3}% 9
\BOOKMARK [2][-]{subsection.3.6}{Frobenius Form}{section.3}% 10
\BOOKMARK [1][-]{section.4}{Analysis of Linear Systems}{part.1}% 11
\BOOKMARK [2][-]{subsection.4.1}{Time domain solution of y\(t\)}{section.4}% 12
\BOOKMARK [2][-]{subsection.4.2}{Lyapunov Stability}{section.4}% 13
\BOOKMARK [2][-]{subsection.4.3}{Block diagram}{section.4}% 14
\BOOKMARK [2][-]{subsection.4.4}{Reachability}{section.4}% 15
\BOOKMARK [2][-]{subsection.4.5}{Observability}{section.4}% 16
\BOOKMARK [2][-]{subsection.4.6}{State Space Decomposition}{section.4}% 17
\BOOKMARK [2][-]{subsection.4.7}{Minimal realization}{section.4}% 18
\BOOKMARK [2][-]{subsection.4.8}{Laplace-Transformation}{section.4}% 19
\BOOKMARK [2][-]{subsection.4.9}{Transfer Function}{section.4}% 20
\BOOKMARK [1][-]{section.5}{Transfer functions}{part.1}% 21
\BOOKMARK [2][-]{subsection.5.1}{Poles}{section.5}% 22
\BOOKMARK [2][-]{subsection.5.2}{Zeros}{section.5}% 23
\BOOKMARK [2][-]{subsection.5.3}{Step Answer}{section.5}% 24
\BOOKMARK [1][-]{section.6}{Frequency Response}{part.1}% 25
\BOOKMARK [2][-]{subsection.6.1}{Bode Diagram}{section.6}% 26
\BOOKMARK [2][-]{subsection.6.2}{Nyquist Diagram}{section.6}% 27
\BOOKMARK [2][-]{subsection.6.3}{Frequency response \040transfer function}{section.6}% 28
\BOOKMARK [2][-]{subsection.6.4}{Uncertainty Representation}{section.6}% 29
\BOOKMARK [1][-]{section.7}{Feedback systems}{part.1}% 30
\BOOKMARK [2][-]{subsection.7.1}{Nyquist theorem}{section.7}% 31
\BOOKMARK [2][-]{subsection.7.2}{Robustness measures}{section.7}% 32
\BOOKMARK [2][-]{subsection.7.3}{Constraints on closed-loop system}{section.7}% 33
\BOOKMARK [1][-]{section.8}{Specifications for feedback control systems}{part.1}% 34
\BOOKMARK [1][-]{section.9}{Controler synthesis}{part.1}% 35
\BOOKMARK [2][-]{subsection.9.1}{PID Controller}{section.9}% 36
\BOOKMARK [2][-]{subsection.9.2}{Ziegler and Nichols}{section.9}% 37
\BOOKMARK [2][-]{subsection.9.3}{Lead/Lag}{section.9}% 38
\BOOKMARK [0][-]{part.2}{RT2}{}% 39
\BOOKMARK [1][-]{subsection.9.4}{Plant inversion}{part.2}% 40
\BOOKMARK [2][-]{subsection.9.5}{Loop shaping}{subsection.9.4}% 41
\BOOKMARK [1][-]{section.10}{Predictive control}{part.2}% 42
\BOOKMARK [1][-]{section.11}{Robust performance}{part.2}% 43
\BOOKMARK [1][-]{section.12}{Cascaded control}{part.2}% 44
\BOOKMARK [1][-]{section.13}{Setpoint weighting}{part.2}% 45
\BOOKMARK [1][-]{section.14}{Feed forward}{part.2}% 46
\BOOKMARK [1][-]{section.15}{Anti reset-windup}{part.2}% 47
\BOOKMARK [1][-]{section.16}{Discrete-time systems}{part.2}% 48
\BOOKMARK [1][-]{section.17}{MIMO systems}{part.2}% 49
\BOOKMARK [2][-]{subsection.17.1}{Classification SI/MI/SO/MO}{section.17}% 50
\BOOKMARK [2][-]{subsection.17.2}{State-space description}{section.17}% 51
\BOOKMARK [2][-]{subsection.17.3}{Transfer function}{section.17}% 52
\BOOKMARK [2][-]{subsection.17.4}{Stability}{section.17}% 53
\BOOKMARK [2][-]{subsection.17.5}{Controllability}{section.17}% 54
\BOOKMARK [2][-]{subsection.17.6}{Observability}{section.17}% 55
\BOOKMARK [2][-]{subsection.17.7}{Closed-loop stability}{section.17}% 56
\BOOKMARK [2][-]{subsection.17.8}{Nyquist theorem for MIMO-systems}{section.17}% 57
\BOOKMARK [2][-]{subsection.17.9}{Matrix minors}{section.17}% 58
\BOOKMARK [2][-]{subsection.17.10}{Poles}{section.17}% 59
\BOOKMARK [2][-]{subsection.17.11}{Zeros}{section.17}% 60
\BOOKMARK [2][-]{subsection.17.12}{Pole-Zero-Cancellations}{section.17}% 61
\BOOKMARK [1][-]{section.18}{Relative gain Array}{part.2}% 62
\BOOKMARK [1][-]{section.19}{Singular Value Decomposition}{part.2}% 63
\BOOKMARK [1][-]{section.20}{Frequency response}{part.2}% 64
\BOOKMARK [2][-]{subsection.20.1}{Frequency response of SISO systems}{section.20}% 65
\BOOKMARK [2][-]{subsection.20.2}{Frequency response of MIMO systems}{section.20}% 66
\BOOKMARK [1][-]{section.21}{Pole placement}{part.2}% 67
\BOOKMARK [1][-]{section.22}{State-feedback regulator}{part.2}% 68
\BOOKMARK [2][-]{subsection.22.1}{Full state feedback: SISO example}{section.22}% 69
\BOOKMARK [1][-]{section.23}{LQR}{part.2}% 70
\BOOKMARK [2][-]{subsection.23.1}{LQR in the frequency domain}{section.23}% 71
\BOOKMARK [1][-]{section.24}{LQRI}{part.2}% 72
\BOOKMARK [1][-]{section.25}{Finite Horizon LQR}{part.2}% 73
\BOOKMARK [1][-]{section.26}{LQR feedforward}{part.2}% 74
\BOOKMARK [1][-]{section.27}{NOC}{part.2}% 75
\BOOKMARK [1][-]{section.28}{MPC}{part.2}% 76
\BOOKMARK [1][-]{section.29}{State observer}{part.2}% 77
\BOOKMARK [2][-]{subsection.29.1}{Solution \(dual LQR problem\)}{section.29}% 78
\BOOKMARK [2][-]{subsection.29.2}{Kalman filter}{section.29}% 79
\BOOKMARK [1][-]{section.30}{LQG}{part.2}% 80
\BOOKMARK [1][-]{section.31}{LTR}{part.2}% 81
\BOOKMARK [1][-]{section.32}{LQG Extensions}{part.2}% 82
\BOOKMARK [2][-]{subsection.32.1}{LQG reference tracking}{section.32}% 83
\BOOKMARK [2][-]{subsection.32.2}{LQGI}{section.32}% 84
\BOOKMARK [1][-]{section.33}{ Method}{part.2}% 85
\BOOKMARK [0][-]{part.3}{Appendix}{}% 86
\BOOKMARK [1][-]{section.34}{MATLAB}{part.3}% 87
\BOOKMARK [1][-]{section.35}{Complex numbers}{part.3}% 88
\BOOKMARK [1][-]{section.36}{Trigonometric functions}{part.3}% 89
\BOOKMARK [1][-]{section.37}{Euler identities}{part.3}% 90
\BOOKMARK [1][-]{section.38}{dB}{part.3}% 91
